2025-10-05 13:30:51,866 - INFO - ============================================================
2025-10-05 13:30:51,866 - INFO - EXOPLANET MODEL SESSION STARTED - 2025-10-05 13:30:51.866826
2025-10-05 13:30:51,868 - INFO - ============================================================
2025-10-05 13:30:51,870 - INFO - Output directory: app_ml_outputs
2025-10-05 13:30:51,871 - INFO - Log file: app_ml_outputs\logs\exoplanet_model_20251005_133051.log
2025-10-05 13:30:52,300 - INFO - Model loaded from final_exoplanet_model.joblib
2025-10-05 13:31:32,771 - INFO - Loading and preparing data with data processing pipeline...
2025-10-05 13:31:33,832 - INFO - Starting data processing pipeline...
2025-10-05 13:31:35,076 - INFO - Data loaded successfully from temp_training_data.csv
2025-10-05 13:31:35,088 - INFO - Initial data shape: (9564, 140)
2025-10-05 13:31:35,117 - INFO - Removed leakage columns: ['koi_pdisposition', 'koi_vet_stat', 'koi_vet_date', 'koi_comment', 'koi_disp_prov', 'koi_score', 'kepler_name', 'kepid', 'kepoi_name']
2025-10-05 13:31:35,207 - INFO - Dropped columns with >20.0% missing values: ['koi_eccen_err1', 'koi_eccen_err2', 'koi_longp', 'koi_longp_err1', 'koi_longp_err2', 'koi_ingress', 'koi_ingress_err1', 'koi_ingress_err2', 'koi_sma_err1', 'koi_sma_err2', 'koi_incl_err1', 'koi_incl_err2', 'koi_teq_err1', 'koi_teq_err2', 'koi_model_dof', 'koi_model_chisq', 'koi_sage', 'koi_sage_err1', 'koi_sage_err2']
2025-10-05 13:31:35,247 - INFO - Applied median imputation to column 'koi_period_err1' (median: 3.5205e-05)
2025-10-05 13:31:35,280 - INFO - Applied median imputation to column 'koi_period_err2' (median: -3.5205e-05)
2025-10-05 13:31:35,312 - INFO - Applied median imputation to column 'koi_time0bk_err1' (median: 0.00413)
2025-10-05 13:31:35,318 - INFO - Applied median imputation to column 'koi_time0bk_err2' (median: -0.00413)
2025-10-05 13:31:35,363 - INFO - Applied median imputation to column 'koi_time0_err1' (median: 0.00413)
2025-10-05 13:31:35,397 - INFO - Applied median imputation to column 'koi_time0_err2' (median: -0.00413)
2025-10-05 13:31:35,418 - INFO - Applied median imputation to column 'koi_eccen' (median: 0.0)
2025-10-05 13:31:35,429 - INFO - Applied median imputation to column 'koi_impact' (median: 0.537)
2025-10-05 13:31:35,465 - INFO - Applied median imputation to column 'koi_impact_err1' (median: 0.193)
2025-10-05 13:31:35,486 - INFO - Applied median imputation to column 'koi_impact_err2' (median: -0.207)
2025-10-05 13:31:35,553 - INFO - Applied median imputation to column 'koi_duration_err1' (median: 0.142)
2025-10-05 13:31:35,595 - INFO - Applied median imputation to column 'koi_duration_err2' (median: -0.142)
2025-10-05 13:31:35,630 - INFO - Applied median imputation to column 'koi_depth' (median: 421.1)
2025-10-05 13:31:35,663 - INFO - Applied median imputation to column 'koi_depth_err1' (median: 20.75)
2025-10-05 13:31:35,681 - INFO - Applied median imputation to column 'koi_depth_err2' (median: -20.75)
2025-10-05 13:31:35,720 - INFO - Applied median imputation to column 'koi_ror' (median: 0.021076)
2025-10-05 13:31:35,746 - INFO - Applied median imputation to column 'koi_ror_err1' (median: 0.001088)
2025-10-05 13:31:35,764 - INFO - Applied median imputation to column 'koi_ror_err2' (median: -0.001236)
2025-10-05 13:31:35,797 - INFO - Applied median imputation to column 'koi_srho' (median: 0.95672)
2025-10-05 13:31:35,830 - INFO - Applied median imputation to column 'koi_srho_err1' (median: 0.43654)
2025-10-05 13:31:35,847 - INFO - Applied median imputation to column 'koi_srho_err2' (median: -0.22376)
2025-10-05 13:31:35,892 - INFO - Applied median imputation to column 'koi_prad' (median: 2.39)
2025-10-05 13:31:35,920 - INFO - Applied median imputation to column 'koi_prad_err1' (median: 0.52)
2025-10-05 13:31:35,951 - INFO - Applied median imputation to column 'koi_prad_err2' (median: -0.3)
2025-10-05 13:31:35,982 - INFO - Applied median imputation to column 'koi_sma' (median: 0.0851)
2025-10-05 13:31:36,011 - INFO - Applied median imputation to column 'koi_incl' (median: 88.5)
2025-10-05 13:31:36,037 - INFO - Applied median imputation to column 'koi_teq' (median: 878.0)
2025-10-05 13:31:36,067 - INFO - Applied median imputation to column 'koi_insol' (median: 141.6)
2025-10-05 13:31:36,083 - INFO - Applied median imputation to column 'koi_insol_err1' (median: 72.83)
2025-10-05 13:31:36,103 - INFO - Applied median imputation to column 'koi_insol_err2' (median: -40.26)
2025-10-05 13:31:36,129 - INFO - Applied median imputation to column 'koi_dor' (median: 15.46)
2025-10-05 13:31:36,151 - INFO - Applied median imputation to column 'koi_dor_err1' (median: 3.1)
2025-10-05 13:31:36,170 - INFO - Applied median imputation to column 'koi_dor_err2' (median: -3.1)
2025-10-05 13:31:36,197 - INFO - Applied mode imputation to column 'koi_limbdark_mod' (mode: Claret (2011 A&A 529 75) ATLAS LS)
2025-10-05 13:31:36,215 - INFO - Applied median imputation to column 'koi_ldm_coeff4' (median: 0.0)
2025-10-05 13:31:36,235 - INFO - Applied median imputation to column 'koi_ldm_coeff3' (median: 0.0)
2025-10-05 13:31:36,259 - INFO - Applied median imputation to column 'koi_ldm_coeff2' (median: 0.2711)
2025-10-05 13:31:36,293 - INFO - Applied median imputation to column 'koi_ldm_coeff1' (median: 0.392)
2025-10-05 13:31:36,370 - INFO - Applied median imputation to column 'koi_max_sngle_ev' (median: 5.5897505)
2025-10-05 13:31:36,414 - INFO - Applied median imputation to column 'koi_max_mult_ev' (median: 19.2544115)
2025-10-05 13:31:36,460 - INFO - Applied median imputation to column 'koi_model_snr' (median: 23.0)
2025-10-05 13:31:36,511 - INFO - Applied median imputation to column 'koi_num_transits' (median: 143.0)
2025-10-05 13:31:36,582 - INFO - Applied median imputation to column 'koi_tce_plnt_num' (median: 1.0)
2025-10-05 13:31:36,639 - INFO - Applied mode imputation to column 'koi_tce_delivname' (mode: q1_q17_dr25_tce)
2025-10-05 13:31:36,680 - INFO - Applied mode imputation to column 'koi_quarters' (mode: 11111111111111111000000000000000)
2025-10-05 13:31:36,720 - INFO - Applied median imputation to column 'koi_bin_oedp_sig' (median: 0.48660000000000003)
2025-10-05 13:31:36,770 - INFO - Applied mode imputation to column 'koi_trans_mod' (mode: Mandel and Agol (2002 ApJ 580 171))
2025-10-05 13:31:36,835 - INFO - Applied mode imputation to column 'koi_datalink_dvr' (mode: 011/011442/011442793/dv/kplr011442793-20160209194854_dvr.pdf)
2025-10-05 13:31:36,951 - INFO - Applied mode imputation to column 'koi_datalink_dvs' (mode: 000/000757/000757450/dv/kplr000757450-001-20160209194854_dvs.pdf)
2025-10-05 13:31:36,963 - INFO - Applied median imputation to column 'koi_steff' (median: 5767.0)
2025-10-05 13:31:36,973 - INFO - Applied median imputation to column 'koi_steff_err1' (median: 157.0)
2025-10-05 13:31:36,993 - INFO - Applied median imputation to column 'koi_steff_err2' (median: -160.0)
2025-10-05 13:31:37,004 - INFO - Applied median imputation to column 'koi_slogg' (median: 4.438)
2025-10-05 13:31:37,014 - INFO - Applied median imputation to column 'koi_slogg_err1' (median: 0.07)
2025-10-05 13:31:37,027 - INFO - Applied median imputation to column 'koi_slogg_err2' (median: -0.128)
2025-10-05 13:31:37,051 - INFO - Applied median imputation to column 'koi_smet' (median: -0.1)
2025-10-05 13:31:37,069 - INFO - Applied median imputation to column 'koi_smet_err1' (median: 0.25)
2025-10-05 13:31:37,084 - INFO - Applied median imputation to column 'koi_smet_err2' (median: -0.3)
2025-10-05 13:31:37,100 - INFO - Applied median imputation to column 'koi_srad' (median: 1.0)
2025-10-05 13:31:37,119 - INFO - Applied median imputation to column 'koi_srad_err1' (median: 0.251)
2025-10-05 13:31:37,127 - INFO - Applied median imputation to column 'koi_srad_err2' (median: -0.111)
2025-10-05 13:31:37,137 - INFO - Applied median imputation to column 'koi_smass' (median: 0.974)
2025-10-05 13:31:37,158 - INFO - Applied median imputation to column 'koi_smass_err1' (median: 0.106)
2025-10-05 13:31:37,170 - INFO - Applied median imputation to column 'koi_smass_err2' (median: -0.0975)
2025-10-05 13:31:37,197 - INFO - Applied mode imputation to column 'koi_sparprov' (mode: q1_q17_dr25_stellar)
2025-10-05 13:31:37,222 - INFO - Applied median imputation to column 'koi_kepmag' (median: 14.52)
2025-10-05 13:31:37,237 - INFO - Applied median imputation to column 'koi_gmag' (median: 15.064)
2025-10-05 13:31:37,251 - INFO - Applied median imputation to column 'koi_rmag' (median: 14.471)
2025-10-05 13:31:37,270 - INFO - Applied median imputation to column 'koi_imag' (median: 14.317499999999999)
2025-10-05 13:31:37,285 - INFO - Applied median imputation to column 'koi_zmag' (median: 14.254)
2025-10-05 13:31:37,299 - INFO - Applied median imputation to column 'koi_jmag' (median: 13.236)
2025-10-05 13:31:37,317 - INFO - Applied median imputation to column 'koi_hmag' (median: 12.834)
2025-10-05 13:31:37,338 - INFO - Applied median imputation to column 'koi_kmag' (median: 12.744)
2025-10-05 13:31:37,352 - INFO - Applied median imputation to column 'koi_fwm_stat_sig' (median: 0.006)
2025-10-05 13:31:37,362 - INFO - Applied median imputation to column 'koi_fwm_sra' (median: 19.48498256)
2025-10-05 13:31:37,375 - INFO - Applied median imputation to column 'koi_fwm_sra_err' (median: 1.5e-05)
2025-10-05 13:31:37,391 - INFO - Applied median imputation to column 'koi_fwm_sdec' (median: 43.694115)
2025-10-05 13:31:37,404 - INFO - Applied median imputation to column 'koi_fwm_sdec_err' (median: 0.00016)
2025-10-05 13:31:37,409 - INFO - Applied median imputation to column 'koi_fwm_srao' (median: -0.0005)
2025-10-05 13:31:37,422 - INFO - Applied median imputation to column 'koi_fwm_srao_err' (median: 0.57)
2025-10-05 13:31:37,438 - INFO - Applied median imputation to column 'koi_fwm_sdeco' (median: -0.034)
2025-10-05 13:31:37,449 - INFO - Applied median imputation to column 'koi_fwm_sdeco_err' (median: 0.57)
2025-10-05 13:31:37,460 - INFO - Applied median imputation to column 'koi_fwm_prao' (median: 0.0)
2025-10-05 13:31:37,477 - INFO - Applied median imputation to column 'koi_fwm_prao_err' (median: 0.00022)
2025-10-05 13:31:37,490 - INFO - Applied median imputation to column 'koi_fwm_pdeco' (median: 0.0)
2025-10-05 13:31:37,509 - INFO - Applied median imputation to column 'koi_fwm_pdeco_err' (median: 0.00023)
2025-10-05 13:31:37,519 - INFO - Applied median imputation to column 'koi_dicco_mra' (median: 0.0)
2025-10-05 13:31:37,536 - INFO - Applied median imputation to column 'koi_dicco_mra_err' (median: 0.26)
2025-10-05 13:31:37,553 - INFO - Applied median imputation to column 'koi_dicco_mdec' (median: 0.0)
2025-10-05 13:31:37,567 - INFO - Applied median imputation to column 'koi_dicco_mdec_err' (median: 0.28)
2025-10-05 13:31:37,584 - INFO - Applied median imputation to column 'koi_dicco_msky' (median: 0.61)
2025-10-05 13:31:37,610 - INFO - Applied median imputation to column 'koi_dicco_msky_err' (median: 0.31)
2025-10-05 13:31:37,631 - INFO - Applied median imputation to column 'koi_dikco_mra' (median: -0.004)
2025-10-05 13:31:37,653 - INFO - Applied median imputation to column 'koi_dikco_mra_err' (median: 0.25)
2025-10-05 13:31:37,670 - INFO - Applied median imputation to column 'koi_dikco_mdec' (median: -0.017)
2025-10-05 13:31:37,686 - INFO - Applied median imputation to column 'koi_dikco_mdec_err' (median: 0.27)
2025-10-05 13:31:37,703 - INFO - Applied median imputation to column 'koi_dikco_msky' (median: 0.583)
2025-10-05 13:31:37,720 - INFO - Applied median imputation to column 'koi_dikco_msky_err' (median: 0.29)
2025-10-05 13:31:37,765 - INFO - Missing value handling complete. Remaining missing values: 0
2025-10-05 13:31:37,784 - INFO - Data shape after handling missing values: (9564, 112)
2025-10-05 13:31:37,814 - INFO - Dropped text categorical variables: ['koi_fittype', 'koi_limbdark_mod', 'koi_parm_prov', 'koi_tce_delivname', 'koi_quarters', 'koi_trans_mod', 'koi_datalink_dvr', 'koi_datalink_dvs', 'koi_sparprov']
2025-10-05 13:31:37,826 - INFO - Kept text columns: ['koi_disposition']
2025-10-05 13:31:37,846 - INFO - Data shape after dropping text columns: (9564, 103)
2025-10-05 13:31:37,890 - INFO - Removed error columns: ['koi_period_err1', 'koi_period_err2', 'koi_time0bk_err1', 'koi_time0bk_err2', 'koi_time0_err1', 'koi_time0_err2', 'koi_impact_err1', 'koi_impact_err2', 'koi_duration_err1', 'koi_duration_err2', 'koi_depth_err1', 'koi_depth_err2', 'koi_ror_err1', 'koi_ror_err2', 'koi_srho_err1', 'koi_srho_err2', 'koi_prad_err1', 'koi_prad_err2', 'koi_insol_err1', 'koi_insol_err2', 'koi_dor_err1', 'koi_dor_err2', 'koi_steff_err1', 'koi_steff_err2', 'koi_slogg_err1', 'koi_slogg_err2', 'koi_smet_err1', 'koi_smet_err2', 'koi_srad_err1', 'koi_srad_err2', 'koi_smass_err1', 'koi_smass_err2']
2025-10-05 13:31:37,901 - INFO - Data shape after removing error columns: (9564, 71)
2025-10-05 13:31:37,913 - INFO - Data processing pipeline completed successfully!
2025-10-05 13:31:37,930 - INFO - Final data shape: (9564, 71)
2025-10-05 13:31:37,969 - INFO - Data loaded successfully!
2025-10-05 13:31:37,972 - INFO - Shape: (9564, 70)
2025-10-05 13:31:37,976 - INFO - Classes: ['CANDIDATE' 'CONFIRMED' 'FALSE POSITIVE']
2025-10-05 13:31:37,987 - INFO - Class distribution: {'FALSE POSITIVE': 4839, 'CONFIRMED': 2746, 'CANDIDATE': 1979}
2025-10-05 13:31:38,003 - INFO - Training Gradient Boosting model...
2025-10-05 13:36:55,413 - INFO - Model trained successfully!
2025-10-05 13:36:55,421 - INFO - Validation Accuracy: 0.9467
2025-10-05 13:36:55,424 - INFO - Validation F1 Score: 0.9464
2025-10-05 13:37:07,187 - INFO - Loading and preparing data with data processing pipeline...
2025-10-05 13:37:07,804 - INFO - Starting data processing pipeline...
2025-10-05 13:37:08,367 - INFO - Data loaded successfully from temp_prediction_data.csv
2025-10-05 13:37:08,367 - INFO - Initial data shape: (9564, 140)
2025-10-05 13:37:08,380 - INFO - Removed leakage columns: ['koi_pdisposition', 'koi_vet_stat', 'koi_vet_date', 'koi_comment', 'koi_disp_prov', 'koi_score', 'kepler_name', 'kepid', 'kepoi_name']
2025-10-05 13:37:08,423 - INFO - Dropped columns with >20.0% missing values: ['koi_eccen_err1', 'koi_eccen_err2', 'koi_longp', 'koi_longp_err1', 'koi_longp_err2', 'koi_ingress', 'koi_ingress_err1', 'koi_ingress_err2', 'koi_sma_err1', 'koi_sma_err2', 'koi_incl_err1', 'koi_incl_err2', 'koi_teq_err1', 'koi_teq_err2', 'koi_model_dof', 'koi_model_chisq', 'koi_sage', 'koi_sage_err1', 'koi_sage_err2']
2025-10-05 13:37:08,433 - INFO - Applied median imputation to column 'koi_period_err1' (median: 3.5205e-05)
2025-10-05 13:37:08,435 - INFO - Applied median imputation to column 'koi_period_err2' (median: -3.5205e-05)
2025-10-05 13:37:08,440 - INFO - Applied median imputation to column 'koi_time0bk_err1' (median: 0.00413)
2025-10-05 13:37:08,443 - INFO - Applied median imputation to column 'koi_time0bk_err2' (median: -0.00413)
2025-10-05 13:37:08,447 - INFO - Applied median imputation to column 'koi_time0_err1' (median: 0.00413)
2025-10-05 13:37:08,447 - INFO - Applied median imputation to column 'koi_time0_err2' (median: -0.00413)
2025-10-05 13:37:08,453 - INFO - Applied median imputation to column 'koi_eccen' (median: 0.0)
2025-10-05 13:37:08,456 - INFO - Applied median imputation to column 'koi_impact' (median: 0.537)
2025-10-05 13:37:08,459 - INFO - Applied median imputation to column 'koi_impact_err1' (median: 0.193)
2025-10-05 13:37:08,459 - INFO - Applied median imputation to column 'koi_impact_err2' (median: -0.207)
2025-10-05 13:37:08,465 - INFO - Applied median imputation to column 'koi_duration_err1' (median: 0.142)
2025-10-05 13:37:08,465 - INFO - Applied median imputation to column 'koi_duration_err2' (median: -0.142)
2025-10-05 13:37:08,469 - INFO - Applied median imputation to column 'koi_depth' (median: 421.1)
2025-10-05 13:37:08,469 - INFO - Applied median imputation to column 'koi_depth_err1' (median: 20.75)
2025-10-05 13:37:08,474 - INFO - Applied median imputation to column 'koi_depth_err2' (median: -20.75)
2025-10-05 13:37:08,474 - INFO - Applied median imputation to column 'koi_ror' (median: 0.021076)
2025-10-05 13:37:08,474 - INFO - Applied median imputation to column 'koi_ror_err1' (median: 0.001088)
2025-10-05 13:37:08,481 - INFO - Applied median imputation to column 'koi_ror_err2' (median: -0.001236)
2025-10-05 13:37:08,487 - INFO - Applied median imputation to column 'koi_srho' (median: 0.95672)
2025-10-05 13:37:08,490 - INFO - Applied median imputation to column 'koi_srho_err1' (median: 0.43654)
2025-10-05 13:37:08,492 - INFO - Applied median imputation to column 'koi_srho_err2' (median: -0.22376)
2025-10-05 13:37:08,496 - INFO - Applied median imputation to column 'koi_prad' (median: 2.39)
2025-10-05 13:37:08,498 - INFO - Applied median imputation to column 'koi_prad_err1' (median: 0.52)
2025-10-05 13:37:08,502 - INFO - Applied median imputation to column 'koi_prad_err2' (median: -0.3)
2025-10-05 13:37:08,506 - INFO - Applied median imputation to column 'koi_sma' (median: 0.0851)
2025-10-05 13:37:08,506 - INFO - Applied median imputation to column 'koi_incl' (median: 88.5)
2025-10-05 13:37:08,506 - INFO - Applied median imputation to column 'koi_teq' (median: 878.0)
2025-10-05 13:37:08,514 - INFO - Applied median imputation to column 'koi_insol' (median: 141.6)
2025-10-05 13:37:08,518 - INFO - Applied median imputation to column 'koi_insol_err1' (median: 72.83)
2025-10-05 13:37:08,520 - INFO - Applied median imputation to column 'koi_insol_err2' (median: -40.26)
2025-10-05 13:37:08,522 - INFO - Applied median imputation to column 'koi_dor' (median: 15.46)
2025-10-05 13:37:08,524 - INFO - Applied median imputation to column 'koi_dor_err1' (median: 3.1)
2025-10-05 13:37:08,528 - INFO - Applied median imputation to column 'koi_dor_err2' (median: -3.1)
2025-10-05 13:37:08,536 - INFO - Applied mode imputation to column 'koi_limbdark_mod' (mode: Claret (2011 A&A 529 75) ATLAS LS)
2025-10-05 13:37:08,541 - INFO - Applied median imputation to column 'koi_ldm_coeff4' (median: 0.0)
2025-10-05 13:37:08,543 - INFO - Applied median imputation to column 'koi_ldm_coeff3' (median: 0.0)
2025-10-05 13:37:08,545 - INFO - Applied median imputation to column 'koi_ldm_coeff2' (median: 0.2711)
2025-10-05 13:37:08,548 - INFO - Applied median imputation to column 'koi_ldm_coeff1' (median: 0.392)
2025-10-05 13:37:08,551 - INFO - Applied median imputation to column 'koi_max_sngle_ev' (median: 5.5897505)
2025-10-05 13:37:08,554 - INFO - Applied median imputation to column 'koi_max_mult_ev' (median: 19.2544115)
2025-10-05 13:37:08,559 - INFO - Applied median imputation to column 'koi_model_snr' (median: 23.0)
2025-10-05 13:37:08,559 - INFO - Applied median imputation to column 'koi_num_transits' (median: 143.0)
2025-10-05 13:37:08,564 - INFO - Applied median imputation to column 'koi_tce_plnt_num' (median: 1.0)
2025-10-05 13:37:08,566 - INFO - Applied mode imputation to column 'koi_tce_delivname' (mode: q1_q17_dr25_tce)
2025-10-05 13:37:08,580 - INFO - Applied mode imputation to column 'koi_quarters' (mode: 11111111111111111000000000000000)
2025-10-05 13:37:08,582 - INFO - Applied median imputation to column 'koi_bin_oedp_sig' (median: 0.48660000000000003)
2025-10-05 13:37:08,589 - INFO - Applied mode imputation to column 'koi_trans_mod' (mode: Mandel and Agol (2002 ApJ 580 171))
2025-10-05 13:37:08,605 - INFO - Applied mode imputation to column 'koi_datalink_dvr' (mode: 011/011442/011442793/dv/kplr011442793-20160209194854_dvr.pdf)
2025-10-05 13:37:08,642 - INFO - Applied mode imputation to column 'koi_datalink_dvs' (mode: 000/000757/000757450/dv/kplr000757450-001-20160209194854_dvs.pdf)
2025-10-05 13:37:08,642 - INFO - Applied median imputation to column 'koi_steff' (median: 5767.0)
2025-10-05 13:37:08,642 - INFO - Applied median imputation to column 'koi_steff_err1' (median: 157.0)
2025-10-05 13:37:08,658 - INFO - Applied median imputation to column 'koi_steff_err2' (median: -160.0)
2025-10-05 13:37:08,660 - INFO - Applied median imputation to column 'koi_slogg' (median: 4.438)
2025-10-05 13:37:08,665 - INFO - Applied median imputation to column 'koi_slogg_err1' (median: 0.07)
2025-10-05 13:37:08,667 - INFO - Applied median imputation to column 'koi_slogg_err2' (median: -0.128)
2025-10-05 13:37:08,671 - INFO - Applied median imputation to column 'koi_smet' (median: -0.1)
2025-10-05 13:37:08,673 - INFO - Applied median imputation to column 'koi_smet_err1' (median: 0.25)
2025-10-05 13:37:08,677 - INFO - Applied median imputation to column 'koi_smet_err2' (median: -0.3)
2025-10-05 13:37:08,679 - INFO - Applied median imputation to column 'koi_srad' (median: 1.0)
2025-10-05 13:37:08,679 - INFO - Applied median imputation to column 'koi_srad_err1' (median: 0.251)
2025-10-05 13:37:08,679 - INFO - Applied median imputation to column 'koi_srad_err2' (median: -0.111)
2025-10-05 13:37:08,679 - INFO - Applied median imputation to column 'koi_smass' (median: 0.974)
2025-10-05 13:37:08,690 - INFO - Applied median imputation to column 'koi_smass_err1' (median: 0.106)
2025-10-05 13:37:08,692 - INFO - Applied median imputation to column 'koi_smass_err2' (median: -0.0975)
2025-10-05 13:37:08,699 - INFO - Applied mode imputation to column 'koi_sparprov' (mode: q1_q17_dr25_stellar)
2025-10-05 13:37:08,704 - INFO - Applied median imputation to column 'koi_kepmag' (median: 14.52)
2025-10-05 13:37:08,708 - INFO - Applied median imputation to column 'koi_gmag' (median: 15.064)
2025-10-05 13:37:08,710 - INFO - Applied median imputation to column 'koi_rmag' (median: 14.471)
2025-10-05 13:37:08,712 - INFO - Applied median imputation to column 'koi_imag' (median: 14.317499999999999)
2025-10-05 13:37:08,715 - INFO - Applied median imputation to column 'koi_zmag' (median: 14.254)
2025-10-05 13:37:08,718 - INFO - Applied median imputation to column 'koi_jmag' (median: 13.236)
2025-10-05 13:37:08,721 - INFO - Applied median imputation to column 'koi_hmag' (median: 12.834)
2025-10-05 13:37:08,722 - INFO - Applied median imputation to column 'koi_kmag' (median: 12.744)
2025-10-05 13:37:08,729 - INFO - Applied median imputation to column 'koi_fwm_stat_sig' (median: 0.006)
2025-10-05 13:37:08,731 - INFO - Applied median imputation to column 'koi_fwm_sra' (median: 19.48498256)
2025-10-05 13:37:08,733 - INFO - Applied median imputation to column 'koi_fwm_sra_err' (median: 1.5e-05)
2025-10-05 13:37:08,737 - INFO - Applied median imputation to column 'koi_fwm_sdec' (median: 43.694115)
2025-10-05 13:37:08,740 - INFO - Applied median imputation to column 'koi_fwm_sdec_err' (median: 0.00016)
2025-10-05 13:37:08,740 - INFO - Applied median imputation to column 'koi_fwm_srao' (median: -0.0005)
2025-10-05 13:37:08,740 - INFO - Applied median imputation to column 'koi_fwm_srao_err' (median: 0.57)
2025-10-05 13:37:08,746 - INFO - Applied median imputation to column 'koi_fwm_sdeco' (median: -0.034)
2025-10-05 13:37:08,746 - INFO - Applied median imputation to column 'koi_fwm_sdeco_err' (median: 0.57)
2025-10-05 13:37:08,753 - INFO - Applied median imputation to column 'koi_fwm_prao' (median: 0.0)
2025-10-05 13:37:08,756 - INFO - Applied median imputation to column 'koi_fwm_prao_err' (median: 0.00022)
2025-10-05 13:37:08,758 - INFO - Applied median imputation to column 'koi_fwm_pdeco' (median: 0.0)
2025-10-05 13:37:08,761 - INFO - Applied median imputation to column 'koi_fwm_pdeco_err' (median: 0.00023)
2025-10-05 13:37:08,761 - INFO - Applied median imputation to column 'koi_dicco_mra' (median: 0.0)
2025-10-05 13:37:08,761 - INFO - Applied median imputation to column 'koi_dicco_mra_err' (median: 0.26)
2025-10-05 13:37:08,768 - INFO - Applied median imputation to column 'koi_dicco_mdec' (median: 0.0)
2025-10-05 13:37:08,771 - INFO - Applied median imputation to column 'koi_dicco_mdec_err' (median: 0.28)
2025-10-05 13:37:08,773 - INFO - Applied median imputation to column 'koi_dicco_msky' (median: 0.61)
2025-10-05 13:37:08,778 - INFO - Applied median imputation to column 'koi_dicco_msky_err' (median: 0.31)
2025-10-05 13:37:08,778 - INFO - Applied median imputation to column 'koi_dikco_mra' (median: -0.004)
2025-10-05 13:37:08,778 - INFO - Applied median imputation to column 'koi_dikco_mra_err' (median: 0.25)
2025-10-05 13:37:08,786 - INFO - Applied median imputation to column 'koi_dikco_mdec' (median: -0.017)
2025-10-05 13:37:08,788 - INFO - Applied median imputation to column 'koi_dikco_mdec_err' (median: 0.27)
2025-10-05 13:37:08,793 - INFO - Applied median imputation to column 'koi_dikco_msky' (median: 0.583)
2025-10-05 13:37:08,795 - INFO - Applied median imputation to column 'koi_dikco_msky_err' (median: 0.29)
2025-10-05 13:37:08,813 - INFO - Missing value handling complete. Remaining missing values: 0
2025-10-05 13:37:08,815 - INFO - Data shape after handling missing values: (9564, 112)
2025-10-05 13:37:08,819 - INFO - Dropped text categorical variables: ['koi_fittype', 'koi_limbdark_mod', 'koi_parm_prov', 'koi_tce_delivname', 'koi_quarters', 'koi_trans_mod', 'koi_datalink_dvr', 'koi_datalink_dvs', 'koi_sparprov']
2025-10-05 13:37:08,819 - INFO - Kept text columns: ['koi_disposition']
2025-10-05 13:37:08,830 - INFO - Data shape after dropping text columns: (9564, 103)
2025-10-05 13:37:08,849 - INFO - Removed error columns: ['koi_period_err1', 'koi_period_err2', 'koi_time0bk_err1', 'koi_time0bk_err2', 'koi_time0_err1', 'koi_time0_err2', 'koi_impact_err1', 'koi_impact_err2', 'koi_duration_err1', 'koi_duration_err2', 'koi_depth_err1', 'koi_depth_err2', 'koi_ror_err1', 'koi_ror_err2', 'koi_srho_err1', 'koi_srho_err2', 'koi_prad_err1', 'koi_prad_err2', 'koi_insol_err1', 'koi_insol_err2', 'koi_dor_err1', 'koi_dor_err2', 'koi_steff_err1', 'koi_steff_err2', 'koi_slogg_err1', 'koi_slogg_err2', 'koi_smet_err1', 'koi_smet_err2', 'koi_srad_err1', 'koi_srad_err2', 'koi_smass_err1', 'koi_smass_err2']
2025-10-05 13:37:08,851 - INFO - Data shape after removing error columns: (9564, 71)
2025-10-05 13:37:08,851 - INFO - Data processing pipeline completed successfully!
2025-10-05 13:37:08,851 - INFO - Final data shape: (9564, 71)
2025-10-05 13:37:08,865 - INFO - Data loaded successfully!
2025-10-05 13:37:08,865 - INFO - Shape: (9564, 70)
2025-10-05 13:37:08,865 - INFO - Classes: ['CANDIDATE' 'CONFIRMED' 'FALSE POSITIVE']
2025-10-05 13:37:08,865 - INFO - Class distribution: {'FALSE POSITIVE': 4839, 'CONFIRMED': 2746, 'CANDIDATE': 1979}
2025-10-05 13:37:10,181 - INFO - Predictions completed for 9564 objects
