2025-10-05 13:22:12,749 - INFO - ============================================================
2025-10-05 13:22:12,751 - INFO - EXOPLANET MODEL SESSION STARTED - 2025-10-05 13:22:12.751816
2025-10-05 13:22:12,751 - INFO - ============================================================
2025-10-05 13:22:12,751 - INFO - Output directory: app_ml_outputs
2025-10-05 13:22:12,755 - INFO - Log file: app_ml_outputs\logs\exoplanet_model_20251005_132212.log
2025-10-05 13:22:13,146 - INFO - Model loaded from final_exoplanet_model.joblib
2025-10-05 13:22:48,198 - INFO - Loading and preparing data with data processing pipeline...
2025-10-05 13:22:49,228 - INFO - Starting data processing pipeline...
2025-10-05 13:22:50,189 - INFO - Data loaded successfully from temp_training_data.csv
2025-10-05 13:22:50,192 - INFO - Initial data shape: (9564, 140)
2025-10-05 13:22:50,232 - INFO - Removed leakage columns: ['koi_pdisposition', 'koi_vet_stat', 'koi_vet_date', 'koi_comment', 'koi_disp_prov', 'koi_score', 'kepler_name', 'kepid', 'kepoi_name']
2025-10-05 13:22:50,315 - INFO - Dropped columns with >20.0% missing values: ['koi_eccen_err1', 'koi_eccen_err2', 'koi_longp', 'koi_longp_err1', 'koi_longp_err2', 'koi_ingress', 'koi_ingress_err1', 'koi_ingress_err2', 'koi_sma_err1', 'koi_sma_err2', 'koi_incl_err1', 'koi_incl_err2', 'koi_teq_err1', 'koi_teq_err2', 'koi_model_dof', 'koi_model_chisq', 'koi_sage', 'koi_sage_err1', 'koi_sage_err2']
2025-10-05 13:22:50,339 - INFO - Applied median imputation to column 'koi_period_err1' (median: 3.5205e-05)
2025-10-05 13:22:50,345 - INFO - Applied median imputation to column 'koi_period_err2' (median: -3.5205e-05)
2025-10-05 13:22:50,352 - INFO - Applied median imputation to column 'koi_time0bk_err1' (median: 0.00413)
2025-10-05 13:22:50,361 - INFO - Applied median imputation to column 'koi_time0bk_err2' (median: -0.00413)
2025-10-05 13:22:50,366 - INFO - Applied median imputation to column 'koi_time0_err1' (median: 0.00413)
2025-10-05 13:22:50,372 - INFO - Applied median imputation to column 'koi_time0_err2' (median: -0.00413)
2025-10-05 13:22:50,380 - INFO - Applied median imputation to column 'koi_eccen' (median: 0.0)
2025-10-05 13:22:50,385 - INFO - Applied median imputation to column 'koi_impact' (median: 0.537)
2025-10-05 13:22:50,395 - INFO - Applied median imputation to column 'koi_impact_err1' (median: 0.193)
2025-10-05 13:22:50,405 - INFO - Applied median imputation to column 'koi_impact_err2' (median: -0.207)
2025-10-05 13:22:50,411 - INFO - Applied median imputation to column 'koi_duration_err1' (median: 0.142)
2025-10-05 13:22:50,416 - INFO - Applied median imputation to column 'koi_duration_err2' (median: -0.142)
2025-10-05 13:22:50,421 - INFO - Applied median imputation to column 'koi_depth' (median: 421.1)
2025-10-05 13:22:50,431 - INFO - Applied median imputation to column 'koi_depth_err1' (median: 20.75)
2025-10-05 13:22:50,439 - INFO - Applied median imputation to column 'koi_depth_err2' (median: -20.75)
2025-10-05 13:22:50,449 - INFO - Applied median imputation to column 'koi_ror' (median: 0.021076)
2025-10-05 13:22:50,457 - INFO - Applied median imputation to column 'koi_ror_err1' (median: 0.001088)
2025-10-05 13:22:50,462 - INFO - Applied median imputation to column 'koi_ror_err2' (median: -0.001236)
2025-10-05 13:22:50,468 - INFO - Applied median imputation to column 'koi_srho' (median: 0.95672)
2025-10-05 13:22:50,481 - INFO - Applied median imputation to column 'koi_srho_err1' (median: 0.43654)
2025-10-05 13:22:50,486 - INFO - Applied median imputation to column 'koi_srho_err2' (median: -0.22376)
2025-10-05 13:22:50,500 - INFO - Applied median imputation to column 'koi_prad' (median: 2.39)
2025-10-05 13:22:50,505 - INFO - Applied median imputation to column 'koi_prad_err1' (median: 0.52)
2025-10-05 13:22:50,511 - INFO - Applied median imputation to column 'koi_prad_err2' (median: -0.3)
2025-10-05 13:22:50,516 - INFO - Applied median imputation to column 'koi_sma' (median: 0.0851)
2025-10-05 13:22:50,522 - INFO - Applied median imputation to column 'koi_incl' (median: 88.5)
2025-10-05 13:22:50,533 - INFO - Applied median imputation to column 'koi_teq' (median: 878.0)
2025-10-05 13:22:50,541 - INFO - Applied median imputation to column 'koi_insol' (median: 141.6)
2025-10-05 13:22:50,547 - INFO - Applied median imputation to column 'koi_insol_err1' (median: 72.83)
2025-10-05 13:22:50,556 - INFO - Applied median imputation to column 'koi_insol_err2' (median: -40.26)
2025-10-05 13:22:50,567 - INFO - Applied median imputation to column 'koi_dor' (median: 15.46)
2025-10-05 13:22:50,573 - INFO - Applied median imputation to column 'koi_dor_err1' (median: 3.1)
2025-10-05 13:22:50,582 - INFO - Applied median imputation to column 'koi_dor_err2' (median: -3.1)
2025-10-05 13:22:50,613 - INFO - Applied mode imputation to column 'koi_limbdark_mod' (mode: Claret (2011 A&A 529 75) ATLAS LS)
2025-10-05 13:22:50,622 - INFO - Applied median imputation to column 'koi_ldm_coeff4' (median: 0.0)
2025-10-05 13:22:50,634 - INFO - Applied median imputation to column 'koi_ldm_coeff3' (median: 0.0)
2025-10-05 13:22:50,648 - INFO - Applied median imputation to column 'koi_ldm_coeff2' (median: 0.2711)
2025-10-05 13:22:50,667 - INFO - Applied median imputation to column 'koi_ldm_coeff1' (median: 0.392)
2025-10-05 13:22:50,683 - INFO - Applied median imputation to column 'koi_max_sngle_ev' (median: 5.5897505)
2025-10-05 13:22:50,699 - INFO - Applied median imputation to column 'koi_max_mult_ev' (median: 19.2544115)
2025-10-05 13:22:50,705 - INFO - Applied median imputation to column 'koi_model_snr' (median: 23.0)
2025-10-05 13:22:50,715 - INFO - Applied median imputation to column 'koi_num_transits' (median: 143.0)
2025-10-05 13:22:50,721 - INFO - Applied median imputation to column 'koi_tce_plnt_num' (median: 1.0)
2025-10-05 13:22:50,744 - INFO - Applied mode imputation to column 'koi_tce_delivname' (mode: q1_q17_dr25_tce)
2025-10-05 13:22:50,760 - INFO - Applied mode imputation to column 'koi_quarters' (mode: 11111111111111111000000000000000)
2025-10-05 13:22:50,767 - INFO - Applied median imputation to column 'koi_bin_oedp_sig' (median: 0.48660000000000003)
2025-10-05 13:22:50,790 - INFO - Applied mode imputation to column 'koi_trans_mod' (mode: Mandel and Agol (2002 ApJ 580 171))
2025-10-05 13:22:50,832 - INFO - Applied mode imputation to column 'koi_datalink_dvr' (mode: 011/011442/011442793/dv/kplr011442793-20160209194854_dvr.pdf)
2025-10-05 13:22:50,921 - INFO - Applied mode imputation to column 'koi_datalink_dvs' (mode: 000/000757/000757450/dv/kplr000757450-001-20160209194854_dvs.pdf)
2025-10-05 13:22:50,928 - INFO - Applied median imputation to column 'koi_steff' (median: 5767.0)
2025-10-05 13:22:50,946 - INFO - Applied median imputation to column 'koi_steff_err1' (median: 157.0)
2025-10-05 13:22:50,955 - INFO - Applied median imputation to column 'koi_steff_err2' (median: -160.0)
2025-10-05 13:22:50,960 - INFO - Applied median imputation to column 'koi_slogg' (median: 4.438)
2025-10-05 13:22:50,968 - INFO - Applied median imputation to column 'koi_slogg_err1' (median: 0.07)
2025-10-05 13:22:50,974 - INFO - Applied median imputation to column 'koi_slogg_err2' (median: -0.128)
2025-10-05 13:22:50,986 - INFO - Applied median imputation to column 'koi_smet' (median: -0.1)
2025-10-05 13:22:50,994 - INFO - Applied median imputation to column 'koi_smet_err1' (median: 0.25)
2025-10-05 13:22:51,004 - INFO - Applied median imputation to column 'koi_smet_err2' (median: -0.3)
2025-10-05 13:22:51,012 - INFO - Applied median imputation to column 'koi_srad' (median: 1.0)
2025-10-05 13:22:51,020 - INFO - Applied median imputation to column 'koi_srad_err1' (median: 0.251)
2025-10-05 13:22:51,036 - INFO - Applied median imputation to column 'koi_srad_err2' (median: -0.111)
2025-10-05 13:22:51,054 - INFO - Applied median imputation to column 'koi_smass' (median: 0.974)
2025-10-05 13:22:51,061 - INFO - Applied median imputation to column 'koi_smass_err1' (median: 0.106)
2025-10-05 13:22:51,071 - INFO - Applied median imputation to column 'koi_smass_err2' (median: -0.0975)
2025-10-05 13:22:51,088 - INFO - Applied mode imputation to column 'koi_sparprov' (mode: q1_q17_dr25_stellar)
2025-10-05 13:22:51,100 - INFO - Applied median imputation to column 'koi_kepmag' (median: 14.52)
2025-10-05 13:22:51,106 - INFO - Applied median imputation to column 'koi_gmag' (median: 15.064)
2025-10-05 13:22:51,112 - INFO - Applied median imputation to column 'koi_rmag' (median: 14.471)
2025-10-05 13:22:51,119 - INFO - Applied median imputation to column 'koi_imag' (median: 14.317499999999999)
2025-10-05 13:22:51,136 - INFO - Applied median imputation to column 'koi_zmag' (median: 14.254)
2025-10-05 13:22:51,156 - INFO - Applied median imputation to column 'koi_jmag' (median: 13.236)
2025-10-05 13:22:51,168 - INFO - Applied median imputation to column 'koi_hmag' (median: 12.834)
2025-10-05 13:22:51,179 - INFO - Applied median imputation to column 'koi_kmag' (median: 12.744)
2025-10-05 13:22:51,186 - INFO - Applied median imputation to column 'koi_fwm_stat_sig' (median: 0.006)
2025-10-05 13:22:51,195 - INFO - Applied median imputation to column 'koi_fwm_sra' (median: 19.48498256)
2025-10-05 13:22:51,203 - INFO - Applied median imputation to column 'koi_fwm_sra_err' (median: 1.5e-05)
2025-10-05 13:22:51,217 - INFO - Applied median imputation to column 'koi_fwm_sdec' (median: 43.694115)
2025-10-05 13:22:51,237 - INFO - Applied median imputation to column 'koi_fwm_sdec_err' (median: 0.00016)
2025-10-05 13:22:51,252 - INFO - Applied median imputation to column 'koi_fwm_srao' (median: -0.0005)
2025-10-05 13:22:51,260 - INFO - Applied median imputation to column 'koi_fwm_srao_err' (median: 0.57)
2025-10-05 13:22:51,270 - INFO - Applied median imputation to column 'koi_fwm_sdeco' (median: -0.034)
2025-10-05 13:22:51,278 - INFO - Applied median imputation to column 'koi_fwm_sdeco_err' (median: 0.57)
2025-10-05 13:22:51,303 - INFO - Applied median imputation to column 'koi_fwm_prao' (median: 0.0)
2025-10-05 13:22:51,321 - INFO - Applied median imputation to column 'koi_fwm_prao_err' (median: 0.00022)
2025-10-05 13:22:51,336 - INFO - Applied median imputation to column 'koi_fwm_pdeco' (median: 0.0)
2025-10-05 13:22:51,353 - INFO - Applied median imputation to column 'koi_fwm_pdeco_err' (median: 0.00023)
2025-10-05 13:22:51,361 - INFO - Applied median imputation to column 'koi_dicco_mra' (median: 0.0)
2025-10-05 13:22:51,370 - INFO - Applied median imputation to column 'koi_dicco_mra_err' (median: 0.26)
2025-10-05 13:22:51,377 - INFO - Applied median imputation to column 'koi_dicco_mdec' (median: 0.0)
2025-10-05 13:22:51,384 - INFO - Applied median imputation to column 'koi_dicco_mdec_err' (median: 0.28)
2025-10-05 13:22:51,396 - INFO - Applied median imputation to column 'koi_dicco_msky' (median: 0.61)
2025-10-05 13:22:51,406 - INFO - Applied median imputation to column 'koi_dicco_msky_err' (median: 0.31)
2025-10-05 13:22:51,416 - INFO - Applied median imputation to column 'koi_dikco_mra' (median: -0.004)
2025-10-05 13:22:51,421 - INFO - Applied median imputation to column 'koi_dikco_mra_err' (median: 0.25)
2025-10-05 13:22:51,432 - INFO - Applied median imputation to column 'koi_dikco_mdec' (median: -0.017)
2025-10-05 13:22:51,438 - INFO - Applied median imputation to column 'koi_dikco_mdec_err' (median: 0.27)
2025-10-05 13:22:51,444 - INFO - Applied median imputation to column 'koi_dikco_msky' (median: 0.583)
2025-10-05 13:22:51,453 - INFO - Applied median imputation to column 'koi_dikco_msky_err' (median: 0.29)
2025-10-05 13:22:51,498 - INFO - Missing value handling complete. Remaining missing values: 0
2025-10-05 13:22:51,506 - INFO - Data shape after handling missing values: (9564, 112)
2025-10-05 13:22:51,527 - INFO - Dropped text categorical variables: ['koi_fittype', 'koi_limbdark_mod', 'koi_parm_prov', 'koi_tce_delivname', 'koi_quarters', 'koi_trans_mod', 'koi_datalink_dvr', 'koi_datalink_dvs', 'koi_sparprov']
2025-10-05 13:22:51,532 - INFO - Kept text columns: ['koi_disposition']
2025-10-05 13:22:51,547 - INFO - Data shape after dropping text columns: (9564, 103)
2025-10-05 13:22:51,578 - INFO - Removed error columns: ['koi_period_err1', 'koi_period_err2', 'koi_time0bk_err1', 'koi_time0bk_err2', 'koi_time0_err1', 'koi_time0_err2', 'koi_impact_err1', 'koi_impact_err2', 'koi_duration_err1', 'koi_duration_err2', 'koi_depth_err1', 'koi_depth_err2', 'koi_ror_err1', 'koi_ror_err2', 'koi_srho_err1', 'koi_srho_err2', 'koi_prad_err1', 'koi_prad_err2', 'koi_insol_err1', 'koi_insol_err2', 'koi_dor_err1', 'koi_dor_err2', 'koi_steff_err1', 'koi_steff_err2', 'koi_slogg_err1', 'koi_slogg_err2', 'koi_smet_err1', 'koi_smet_err2', 'koi_srad_err1', 'koi_srad_err2', 'koi_smass_err1', 'koi_smass_err2']
2025-10-05 13:22:51,605 - INFO - Data shape after removing error columns: (9564, 71)
2025-10-05 13:22:51,606 - INFO - Data processing pipeline completed successfully!
2025-10-05 13:22:51,613 - INFO - Final data shape: (9564, 71)
2025-10-05 13:22:51,636 - INFO - Data loaded successfully!
2025-10-05 13:22:51,643 - INFO - Shape: (9564, 70)
2025-10-05 13:22:51,647 - INFO - Classes: ['CANDIDATE' 'CONFIRMED' 'FALSE POSITIVE']
2025-10-05 13:22:51,657 - INFO - Class distribution: {'FALSE POSITIVE': 4839, 'CONFIRMED': 2746, 'CANDIDATE': 1979}
2025-10-05 13:22:51,671 - INFO - Training Gradient Boosting model...
2025-10-05 13:27:33,710 - INFO - Model trained successfully!
2025-10-05 13:27:33,710 - INFO - Validation Accuracy: 0.9488
2025-10-05 13:27:33,710 - INFO - Validation F1 Score: 0.9485
2025-10-05 13:27:43,825 - INFO - Loading and preparing data with data processing pipeline...
2025-10-05 13:27:44,309 - INFO - Starting data processing pipeline...
2025-10-05 13:27:44,690 - INFO - Data loaded successfully from temp_prediction_data.csv
2025-10-05 13:27:44,690 - INFO - Initial data shape: (9564, 140)
2025-10-05 13:27:44,699 - INFO - Removed leakage columns: ['koi_pdisposition', 'koi_vet_stat', 'koi_vet_date', 'koi_comment', 'koi_disp_prov', 'koi_score', 'kepler_name', 'kepid', 'kepoi_name']
2025-10-05 13:27:44,738 - INFO - Dropped columns with >20.0% missing values: ['koi_eccen_err1', 'koi_eccen_err2', 'koi_longp', 'koi_longp_err1', 'koi_longp_err2', 'koi_ingress', 'koi_ingress_err1', 'koi_ingress_err2', 'koi_sma_err1', 'koi_sma_err2', 'koi_incl_err1', 'koi_incl_err2', 'koi_teq_err1', 'koi_teq_err2', 'koi_model_dof', 'koi_model_chisq', 'koi_sage', 'koi_sage_err1', 'koi_sage_err2']
2025-10-05 13:27:44,743 - INFO - Applied median imputation to column 'koi_period_err1' (median: 3.5205e-05)
2025-10-05 13:27:44,745 - INFO - Applied median imputation to column 'koi_period_err2' (median: -3.5205e-05)
2025-10-05 13:27:44,748 - INFO - Applied median imputation to column 'koi_time0bk_err1' (median: 0.00413)
2025-10-05 13:27:44,750 - INFO - Applied median imputation to column 'koi_time0bk_err2' (median: -0.00413)
2025-10-05 13:27:44,752 - INFO - Applied median imputation to column 'koi_time0_err1' (median: 0.00413)
2025-10-05 13:27:44,755 - INFO - Applied median imputation to column 'koi_time0_err2' (median: -0.00413)
2025-10-05 13:27:44,757 - INFO - Applied median imputation to column 'koi_eccen' (median: 0.0)
2025-10-05 13:27:44,760 - INFO - Applied median imputation to column 'koi_impact' (median: 0.537)
2025-10-05 13:27:44,763 - INFO - Applied median imputation to column 'koi_impact_err1' (median: 0.193)
2025-10-05 13:27:44,765 - INFO - Applied median imputation to column 'koi_impact_err2' (median: -0.207)
2025-10-05 13:27:44,767 - INFO - Applied median imputation to column 'koi_duration_err1' (median: 0.142)
2025-10-05 13:27:44,771 - INFO - Applied median imputation to column 'koi_duration_err2' (median: -0.142)
2025-10-05 13:27:44,774 - INFO - Applied median imputation to column 'koi_depth' (median: 421.1)
2025-10-05 13:27:44,775 - INFO - Applied median imputation to column 'koi_depth_err1' (median: 20.75)
2025-10-05 13:27:44,778 - INFO - Applied median imputation to column 'koi_depth_err2' (median: -20.75)
2025-10-05 13:27:44,780 - INFO - Applied median imputation to column 'koi_ror' (median: 0.021076)
2025-10-05 13:27:44,783 - INFO - Applied median imputation to column 'koi_ror_err1' (median: 0.001088)
2025-10-05 13:27:44,785 - INFO - Applied median imputation to column 'koi_ror_err2' (median: -0.001236)
2025-10-05 13:27:44,786 - INFO - Applied median imputation to column 'koi_srho' (median: 0.95672)
2025-10-05 13:27:44,790 - INFO - Applied median imputation to column 'koi_srho_err1' (median: 0.43654)
2025-10-05 13:27:44,792 - INFO - Applied median imputation to column 'koi_srho_err2' (median: -0.22376)
2025-10-05 13:27:44,795 - INFO - Applied median imputation to column 'koi_prad' (median: 2.39)
2025-10-05 13:27:44,797 - INFO - Applied median imputation to column 'koi_prad_err1' (median: 0.52)
2025-10-05 13:27:44,799 - INFO - Applied median imputation to column 'koi_prad_err2' (median: -0.3)
2025-10-05 13:27:44,802 - INFO - Applied median imputation to column 'koi_sma' (median: 0.0851)
2025-10-05 13:27:44,804 - INFO - Applied median imputation to column 'koi_incl' (median: 88.5)
2025-10-05 13:27:44,807 - INFO - Applied median imputation to column 'koi_teq' (median: 878.0)
2025-10-05 13:27:44,809 - INFO - Applied median imputation to column 'koi_insol' (median: 141.6)
2025-10-05 13:27:44,812 - INFO - Applied median imputation to column 'koi_insol_err1' (median: 72.83)
2025-10-05 13:27:44,813 - INFO - Applied median imputation to column 'koi_insol_err2' (median: -40.26)
2025-10-05 13:27:44,813 - INFO - Applied median imputation to column 'koi_dor' (median: 15.46)
2025-10-05 13:27:44,813 - INFO - Applied median imputation to column 'koi_dor_err1' (median: 3.1)
2025-10-05 13:27:44,821 - INFO - Applied median imputation to column 'koi_dor_err2' (median: -3.1)
2025-10-05 13:27:44,828 - INFO - Applied mode imputation to column 'koi_limbdark_mod' (mode: Claret (2011 A&A 529 75) ATLAS LS)
2025-10-05 13:27:44,830 - INFO - Applied median imputation to column 'koi_ldm_coeff4' (median: 0.0)
2025-10-05 13:27:44,832 - INFO - Applied median imputation to column 'koi_ldm_coeff3' (median: 0.0)
2025-10-05 13:27:44,833 - INFO - Applied median imputation to column 'koi_ldm_coeff2' (median: 0.2711)
2025-10-05 13:27:44,836 - INFO - Applied median imputation to column 'koi_ldm_coeff1' (median: 0.392)
2025-10-05 13:27:44,839 - INFO - Applied median imputation to column 'koi_max_sngle_ev' (median: 5.5897505)
2025-10-05 13:27:44,842 - INFO - Applied median imputation to column 'koi_max_mult_ev' (median: 19.2544115)
2025-10-05 13:27:44,845 - INFO - Applied median imputation to column 'koi_model_snr' (median: 23.0)
2025-10-05 13:27:44,848 - INFO - Applied median imputation to column 'koi_num_transits' (median: 143.0)
2025-10-05 13:27:44,851 - INFO - Applied median imputation to column 'koi_tce_plnt_num' (median: 1.0)
2025-10-05 13:27:44,858 - INFO - Applied mode imputation to column 'koi_tce_delivname' (mode: q1_q17_dr25_tce)
2025-10-05 13:27:44,867 - INFO - Applied mode imputation to column 'koi_quarters' (mode: 11111111111111111000000000000000)
2025-10-05 13:27:44,867 - INFO - Applied median imputation to column 'koi_bin_oedp_sig' (median: 0.48660000000000003)
2025-10-05 13:27:44,877 - INFO - Applied mode imputation to column 'koi_trans_mod' (mode: Mandel and Agol (2002 ApJ 580 171))
2025-10-05 13:27:44,895 - INFO - Applied mode imputation to column 'koi_datalink_dvr' (mode: 011/011442/011442793/dv/kplr011442793-20160209194854_dvr.pdf)
2025-10-05 13:27:44,942 - INFO - Applied mode imputation to column 'koi_datalink_dvs' (mode: 000/000757/000757450/dv/kplr000757450-001-20160209194854_dvs.pdf)
2025-10-05 13:27:44,943 - INFO - Applied median imputation to column 'koi_steff' (median: 5767.0)
2025-10-05 13:27:44,943 - INFO - Applied median imputation to column 'koi_steff_err1' (median: 157.0)
2025-10-05 13:27:44,943 - INFO - Applied median imputation to column 'koi_steff_err2' (median: -160.0)
2025-10-05 13:27:44,953 - INFO - Applied median imputation to column 'koi_slogg' (median: 4.438)
2025-10-05 13:27:44,957 - INFO - Applied median imputation to column 'koi_slogg_err1' (median: 0.07)
2025-10-05 13:27:44,960 - INFO - Applied median imputation to column 'koi_slogg_err2' (median: -0.128)
2025-10-05 13:27:44,962 - INFO - Applied median imputation to column 'koi_smet' (median: -0.1)
2025-10-05 13:27:44,966 - INFO - Applied median imputation to column 'koi_smet_err1' (median: 0.25)
2025-10-05 13:27:44,968 - INFO - Applied median imputation to column 'koi_smet_err2' (median: -0.3)
2025-10-05 13:27:44,972 - INFO - Applied median imputation to column 'koi_srad' (median: 1.0)
2025-10-05 13:27:44,974 - INFO - Applied median imputation to column 'koi_srad_err1' (median: 0.251)
2025-10-05 13:27:44,978 - INFO - Applied median imputation to column 'koi_srad_err2' (median: -0.111)
2025-10-05 13:27:44,980 - INFO - Applied median imputation to column 'koi_smass' (median: 0.974)
2025-10-05 13:27:44,983 - INFO - Applied median imputation to column 'koi_smass_err1' (median: 0.106)
2025-10-05 13:27:44,986 - INFO - Applied median imputation to column 'koi_smass_err2' (median: -0.0975)
2025-10-05 13:27:44,995 - INFO - Applied mode imputation to column 'koi_sparprov' (mode: q1_q17_dr25_stellar)
2025-10-05 13:27:44,998 - INFO - Applied median imputation to column 'koi_kepmag' (median: 14.52)
2025-10-05 13:27:45,000 - INFO - Applied median imputation to column 'koi_gmag' (median: 15.064)
2025-10-05 13:27:45,003 - INFO - Applied median imputation to column 'koi_rmag' (median: 14.471)
2025-10-05 13:27:45,006 - INFO - Applied median imputation to column 'koi_imag' (median: 14.317499999999999)
2025-10-05 13:27:45,009 - INFO - Applied median imputation to column 'koi_zmag' (median: 14.254)
2025-10-05 13:27:45,013 - INFO - Applied median imputation to column 'koi_jmag' (median: 13.236)
2025-10-05 13:27:45,016 - INFO - Applied median imputation to column 'koi_hmag' (median: 12.834)
2025-10-05 13:27:45,017 - INFO - Applied median imputation to column 'koi_kmag' (median: 12.744)
2025-10-05 13:27:45,021 - INFO - Applied median imputation to column 'koi_fwm_stat_sig' (median: 0.006)
2025-10-05 13:27:45,025 - INFO - Applied median imputation to column 'koi_fwm_sra' (median: 19.48498256)
2025-10-05 13:27:45,025 - INFO - Applied median imputation to column 'koi_fwm_sra_err' (median: 1.5e-05)
2025-10-05 13:27:45,032 - INFO - Applied median imputation to column 'koi_fwm_sdec' (median: 43.694115)
2025-10-05 13:27:45,034 - INFO - Applied median imputation to column 'koi_fwm_sdec_err' (median: 0.00016)
2025-10-05 13:27:45,035 - INFO - Applied median imputation to column 'koi_fwm_srao' (median: -0.0005)
2025-10-05 13:27:45,040 - INFO - Applied median imputation to column 'koi_fwm_srao_err' (median: 0.57)
2025-10-05 13:27:45,042 - INFO - Applied median imputation to column 'koi_fwm_sdeco' (median: -0.034)
2025-10-05 13:27:45,045 - INFO - Applied median imputation to column 'koi_fwm_sdeco_err' (median: 0.57)
2025-10-05 13:27:45,048 - INFO - Applied median imputation to column 'koi_fwm_prao' (median: 0.0)
2025-10-05 13:27:45,051 - INFO - Applied median imputation to column 'koi_fwm_prao_err' (median: 0.00022)
2025-10-05 13:27:45,054 - INFO - Applied median imputation to column 'koi_fwm_pdeco' (median: 0.0)
2025-10-05 13:27:45,056 - INFO - Applied median imputation to column 'koi_fwm_pdeco_err' (median: 0.00023)
2025-10-05 13:27:45,059 - INFO - Applied median imputation to column 'koi_dicco_mra' (median: 0.0)
2025-10-05 13:27:45,060 - INFO - Applied median imputation to column 'koi_dicco_mra_err' (median: 0.26)
2025-10-05 13:27:45,066 - INFO - Applied median imputation to column 'koi_dicco_mdec' (median: 0.0)
2025-10-05 13:27:45,068 - INFO - Applied median imputation to column 'koi_dicco_mdec_err' (median: 0.28)
2025-10-05 13:27:45,071 - INFO - Applied median imputation to column 'koi_dicco_msky' (median: 0.61)
2025-10-05 13:27:45,073 - INFO - Applied median imputation to column 'koi_dicco_msky_err' (median: 0.31)
2025-10-05 13:27:45,075 - INFO - Applied median imputation to column 'koi_dikco_mra' (median: -0.004)
2025-10-05 13:27:45,078 - INFO - Applied median imputation to column 'koi_dikco_mra_err' (median: 0.25)
2025-10-05 13:27:45,078 - INFO - Applied median imputation to column 'koi_dikco_mdec' (median: -0.017)
2025-10-05 13:27:45,084 - INFO - Applied median imputation to column 'koi_dikco_mdec_err' (median: 0.27)
2025-10-05 13:27:45,088 - INFO - Applied median imputation to column 'koi_dikco_msky' (median: 0.583)
2025-10-05 13:27:45,091 - INFO - Applied median imputation to column 'koi_dikco_msky_err' (median: 0.29)
2025-10-05 13:27:45,107 - INFO - Missing value handling complete. Remaining missing values: 0
2025-10-05 13:27:45,111 - INFO - Data shape after handling missing values: (9564, 112)
2025-10-05 13:27:45,115 - INFO - Dropped text categorical variables: ['koi_fittype', 'koi_limbdark_mod', 'koi_parm_prov', 'koi_tce_delivname', 'koi_quarters', 'koi_trans_mod', 'koi_datalink_dvr', 'koi_datalink_dvs', 'koi_sparprov']
2025-10-05 13:27:45,121 - INFO - Kept text columns: ['koi_disposition']
2025-10-05 13:27:45,126 - INFO - Data shape after dropping text columns: (9564, 103)
2025-10-05 13:27:45,140 - INFO - Removed error columns: ['koi_period_err1', 'koi_period_err2', 'koi_time0bk_err1', 'koi_time0bk_err2', 'koi_time0_err1', 'koi_time0_err2', 'koi_impact_err1', 'koi_impact_err2', 'koi_duration_err1', 'koi_duration_err2', 'koi_depth_err1', 'koi_depth_err2', 'koi_ror_err1', 'koi_ror_err2', 'koi_srho_err1', 'koi_srho_err2', 'koi_prad_err1', 'koi_prad_err2', 'koi_insol_err1', 'koi_insol_err2', 'koi_dor_err1', 'koi_dor_err2', 'koi_steff_err1', 'koi_steff_err2', 'koi_slogg_err1', 'koi_slogg_err2', 'koi_smet_err1', 'koi_smet_err2', 'koi_srad_err1', 'koi_srad_err2', 'koi_smass_err1', 'koi_smass_err2']
2025-10-05 13:27:45,141 - INFO - Data shape after removing error columns: (9564, 71)
2025-10-05 13:27:45,144 - INFO - Data processing pipeline completed successfully!
2025-10-05 13:27:45,145 - INFO - Final data shape: (9564, 71)
2025-10-05 13:27:45,158 - INFO - Data loaded successfully!
2025-10-05 13:27:45,160 - INFO - Shape: (9564, 70)
2025-10-05 13:27:45,161 - INFO - Classes: ['CANDIDATE' 'CONFIRMED' 'FALSE POSITIVE']
2025-10-05 13:27:45,164 - INFO - Class distribution: {'FALSE POSITIVE': 4839, 'CONFIRMED': 2746, 'CANDIDATE': 1979}
2025-10-05 13:27:46,255 - INFO - Predictions completed for 9564 objects
