2025-10-05 13:06:00,579 - INFO - ============================================================
2025-10-05 13:06:00,581 - INFO - EXOPLANET MODEL SESSION STARTED - 2025-10-05 13:06:00.579308
2025-10-05 13:06:00,581 - INFO - ============================================================
2025-10-05 13:06:00,581 - INFO - Output directory: app_ml_outputs
2025-10-05 13:06:00,581 - INFO - Log file: app_ml_outputs\logs\exoplanet_model_20251005_130600.log
2025-10-05 13:06:01,121 - INFO - Model loaded from final_exoplanet_model.joblib
2025-10-05 13:10:18,701 - INFO - Loading and preparing data with data processing pipeline...
2025-10-05 13:10:19,722 - INFO - Starting data processing pipeline...
2025-10-05 13:10:20,730 - INFO - Data loaded successfully from temp_training_data.csv
2025-10-05 13:10:20,731 - INFO - Initial data shape: (9564, 140)
2025-10-05 13:10:20,769 - INFO - Removed leakage columns: ['koi_pdisposition', 'koi_vet_stat', 'koi_vet_date', 'koi_comment', 'koi_disp_prov', 'koi_score', 'kepler_name', 'kepid', 'kepoi_name']
2025-10-05 13:10:20,854 - INFO - Dropped columns with >20.0% missing values: ['koi_eccen_err1', 'koi_eccen_err2', 'koi_longp', 'koi_longp_err1', 'koi_longp_err2', 'koi_ingress', 'koi_ingress_err1', 'koi_ingress_err2', 'koi_sma_err1', 'koi_sma_err2', 'koi_incl_err1', 'koi_incl_err2', 'koi_teq_err1', 'koi_teq_err2', 'koi_model_dof', 'koi_model_chisq', 'koi_sage', 'koi_sage_err1', 'koi_sage_err2']
2025-10-05 13:10:20,870 - INFO - Applied median imputation to column 'koi_period_err1' (median: 3.5205e-05)
2025-10-05 13:10:20,880 - INFO - Applied median imputation to column 'koi_period_err2' (median: -3.5205e-05)
2025-10-05 13:10:20,887 - INFO - Applied median imputation to column 'koi_time0bk_err1' (median: 0.00413)
2025-10-05 13:10:20,895 - INFO - Applied median imputation to column 'koi_time0bk_err2' (median: -0.00413)
2025-10-05 13:10:20,901 - INFO - Applied median imputation to column 'koi_time0_err1' (median: 0.00413)
2025-10-05 13:10:20,907 - INFO - Applied median imputation to column 'koi_time0_err2' (median: -0.00413)
2025-10-05 13:10:20,915 - INFO - Applied median imputation to column 'koi_eccen' (median: 0.0)
2025-10-05 13:10:20,923 - INFO - Applied median imputation to column 'koi_impact' (median: 0.537)
2025-10-05 13:10:20,932 - INFO - Applied median imputation to column 'koi_impact_err1' (median: 0.193)
2025-10-05 13:10:20,935 - INFO - Applied median imputation to column 'koi_impact_err2' (median: -0.207)
2025-10-05 13:10:20,943 - INFO - Applied median imputation to column 'koi_duration_err1' (median: 0.142)
2025-10-05 13:10:20,948 - INFO - Applied median imputation to column 'koi_duration_err2' (median: -0.142)
2025-10-05 13:10:20,951 - INFO - Applied median imputation to column 'koi_depth' (median: 421.1)
2025-10-05 13:10:20,956 - INFO - Applied median imputation to column 'koi_depth_err1' (median: 20.75)
2025-10-05 13:10:20,968 - INFO - Applied median imputation to column 'koi_depth_err2' (median: -20.75)
2025-10-05 13:10:20,975 - INFO - Applied median imputation to column 'koi_ror' (median: 0.021076)
2025-10-05 13:10:20,979 - INFO - Applied median imputation to column 'koi_ror_err1' (median: 0.001088)
2025-10-05 13:10:20,986 - INFO - Applied median imputation to column 'koi_ror_err2' (median: -0.001236)
2025-10-05 13:10:20,990 - INFO - Applied median imputation to column 'koi_srho' (median: 0.95672)
2025-10-05 13:10:20,997 - INFO - Applied median imputation to column 'koi_srho_err1' (median: 0.43654)
2025-10-05 13:10:21,001 - INFO - Applied median imputation to column 'koi_srho_err2' (median: -0.22376)
2025-10-05 13:10:21,008 - INFO - Applied median imputation to column 'koi_prad' (median: 2.39)
2025-10-05 13:10:21,012 - INFO - Applied median imputation to column 'koi_prad_err1' (median: 0.52)
2025-10-05 13:10:21,018 - INFO - Applied median imputation to column 'koi_prad_err2' (median: -0.3)
2025-10-05 13:10:21,023 - INFO - Applied median imputation to column 'koi_sma' (median: 0.0851)
2025-10-05 13:10:21,027 - INFO - Applied median imputation to column 'koi_incl' (median: 88.5)
2025-10-05 13:10:21,032 - INFO - Applied median imputation to column 'koi_teq' (median: 878.0)
2025-10-05 13:10:21,037 - INFO - Applied median imputation to column 'koi_insol' (median: 141.6)
2025-10-05 13:10:21,041 - INFO - Applied median imputation to column 'koi_insol_err1' (median: 72.83)
2025-10-05 13:10:21,046 - INFO - Applied median imputation to column 'koi_insol_err2' (median: -40.26)
2025-10-05 13:10:21,051 - INFO - Applied median imputation to column 'koi_dor' (median: 15.46)
2025-10-05 13:10:21,056 - INFO - Applied median imputation to column 'koi_dor_err1' (median: 3.1)
2025-10-05 13:10:21,060 - INFO - Applied median imputation to column 'koi_dor_err2' (median: -3.1)
2025-10-05 13:10:21,080 - INFO - Applied mode imputation to column 'koi_limbdark_mod' (mode: Claret (2011 A&A 529 75) ATLAS LS)
2025-10-05 13:10:21,085 - INFO - Applied median imputation to column 'koi_ldm_coeff4' (median: 0.0)
2025-10-05 13:10:21,089 - INFO - Applied median imputation to column 'koi_ldm_coeff3' (median: 0.0)
2025-10-05 13:10:21,094 - INFO - Applied median imputation to column 'koi_ldm_coeff2' (median: 0.2711)
2025-10-05 13:10:21,099 - INFO - Applied median imputation to column 'koi_ldm_coeff1' (median: 0.392)
2025-10-05 13:10:21,106 - INFO - Applied median imputation to column 'koi_max_sngle_ev' (median: 5.5897505)
2025-10-05 13:10:21,112 - INFO - Applied median imputation to column 'koi_max_mult_ev' (median: 19.2544115)
2025-10-05 13:10:21,115 - INFO - Applied median imputation to column 'koi_model_snr' (median: 23.0)
2025-10-05 13:10:21,121 - INFO - Applied median imputation to column 'koi_num_transits' (median: 143.0)
2025-10-05 13:10:21,126 - INFO - Applied median imputation to column 'koi_tce_plnt_num' (median: 1.0)
2025-10-05 13:10:21,141 - INFO - Applied mode imputation to column 'koi_tce_delivname' (mode: q1_q17_dr25_tce)
2025-10-05 13:10:21,156 - INFO - Applied mode imputation to column 'koi_quarters' (mode: 11111111111111111000000000000000)
2025-10-05 13:10:21,163 - INFO - Applied median imputation to column 'koi_bin_oedp_sig' (median: 0.48660000000000003)
2025-10-05 13:10:21,178 - INFO - Applied mode imputation to column 'koi_trans_mod' (mode: Mandel and Agol (2002 ApJ 580 171))
2025-10-05 13:10:21,212 - INFO - Applied mode imputation to column 'koi_datalink_dvr' (mode: 011/011442/011442793/dv/kplr011442793-20160209194854_dvr.pdf)
2025-10-05 13:10:21,299 - INFO - Applied mode imputation to column 'koi_datalink_dvs' (mode: 000/000757/000757450/dv/kplr000757450-001-20160209194854_dvs.pdf)
2025-10-05 13:10:21,305 - INFO - Applied median imputation to column 'koi_steff' (median: 5767.0)
2025-10-05 13:10:21,312 - INFO - Applied median imputation to column 'koi_steff_err1' (median: 157.0)
2025-10-05 13:10:21,316 - INFO - Applied median imputation to column 'koi_steff_err2' (median: -160.0)
2025-10-05 13:10:21,321 - INFO - Applied median imputation to column 'koi_slogg' (median: 4.438)
2025-10-05 13:10:21,327 - INFO - Applied median imputation to column 'koi_slogg_err1' (median: 0.07)
2025-10-05 13:10:21,334 - INFO - Applied median imputation to column 'koi_slogg_err2' (median: -0.128)
2025-10-05 13:10:21,355 - INFO - Applied median imputation to column 'koi_smet' (median: -0.1)
2025-10-05 13:10:21,368 - INFO - Applied median imputation to column 'koi_smet_err1' (median: 0.25)
2025-10-05 13:10:21,375 - INFO - Applied median imputation to column 'koi_smet_err2' (median: -0.3)
2025-10-05 13:10:21,382 - INFO - Applied median imputation to column 'koi_srad' (median: 1.0)
2025-10-05 13:10:21,390 - INFO - Applied median imputation to column 'koi_srad_err1' (median: 0.251)
2025-10-05 13:10:21,399 - INFO - Applied median imputation to column 'koi_srad_err2' (median: -0.111)
2025-10-05 13:10:21,406 - INFO - Applied median imputation to column 'koi_smass' (median: 0.974)
2025-10-05 13:10:21,412 - INFO - Applied median imputation to column 'koi_smass_err1' (median: 0.106)
2025-10-05 13:10:21,418 - INFO - Applied median imputation to column 'koi_smass_err2' (median: -0.0975)
2025-10-05 13:10:21,436 - INFO - Applied mode imputation to column 'koi_sparprov' (mode: q1_q17_dr25_stellar)
2025-10-05 13:10:21,448 - INFO - Applied median imputation to column 'koi_kepmag' (median: 14.52)
2025-10-05 13:10:21,456 - INFO - Applied median imputation to column 'koi_gmag' (median: 15.064)
2025-10-05 13:10:21,460 - INFO - Applied median imputation to column 'koi_rmag' (median: 14.471)
2025-10-05 13:10:21,467 - INFO - Applied median imputation to column 'koi_imag' (median: 14.317499999999999)
2025-10-05 13:10:21,473 - INFO - Applied median imputation to column 'koi_zmag' (median: 14.254)
2025-10-05 13:10:21,478 - INFO - Applied median imputation to column 'koi_jmag' (median: 13.236)
2025-10-05 13:10:21,485 - INFO - Applied median imputation to column 'koi_hmag' (median: 12.834)
2025-10-05 13:10:21,490 - INFO - Applied median imputation to column 'koi_kmag' (median: 12.744)
2025-10-05 13:10:21,497 - INFO - Applied median imputation to column 'koi_fwm_stat_sig' (median: 0.006)
2025-10-05 13:10:21,503 - INFO - Applied median imputation to column 'koi_fwm_sra' (median: 19.48498256)
2025-10-05 13:10:21,509 - INFO - Applied median imputation to column 'koi_fwm_sra_err' (median: 1.5e-05)
2025-10-05 13:10:21,516 - INFO - Applied median imputation to column 'koi_fwm_sdec' (median: 43.694115)
2025-10-05 13:10:21,520 - INFO - Applied median imputation to column 'koi_fwm_sdec_err' (median: 0.00016)
2025-10-05 13:10:21,526 - INFO - Applied median imputation to column 'koi_fwm_srao' (median: -0.0005)
2025-10-05 13:10:21,529 - INFO - Applied median imputation to column 'koi_fwm_srao_err' (median: 0.57)
2025-10-05 13:10:21,535 - INFO - Applied median imputation to column 'koi_fwm_sdeco' (median: -0.034)
2025-10-05 13:10:21,541 - INFO - Applied median imputation to column 'koi_fwm_sdeco_err' (median: 0.57)
2025-10-05 13:10:21,548 - INFO - Applied median imputation to column 'koi_fwm_prao' (median: 0.0)
2025-10-05 13:10:21,554 - INFO - Applied median imputation to column 'koi_fwm_prao_err' (median: 0.00022)
2025-10-05 13:10:21,558 - INFO - Applied median imputation to column 'koi_fwm_pdeco' (median: 0.0)
2025-10-05 13:10:21,563 - INFO - Applied median imputation to column 'koi_fwm_pdeco_err' (median: 0.00023)
2025-10-05 13:10:21,566 - INFO - Applied median imputation to column 'koi_dicco_mra' (median: 0.0)
2025-10-05 13:10:21,573 - INFO - Applied median imputation to column 'koi_dicco_mra_err' (median: 0.26)
2025-10-05 13:10:21,577 - INFO - Applied median imputation to column 'koi_dicco_mdec' (median: 0.0)
2025-10-05 13:10:21,584 - INFO - Applied median imputation to column 'koi_dicco_mdec_err' (median: 0.28)
2025-10-05 13:10:21,589 - INFO - Applied median imputation to column 'koi_dicco_msky' (median: 0.61)
2025-10-05 13:10:21,593 - INFO - Applied median imputation to column 'koi_dicco_msky_err' (median: 0.31)
2025-10-05 13:10:21,597 - INFO - Applied median imputation to column 'koi_dikco_mra' (median: -0.004)
2025-10-05 13:10:21,602 - INFO - Applied median imputation to column 'koi_dikco_mra_err' (median: 0.25)
2025-10-05 13:10:21,608 - INFO - Applied median imputation to column 'koi_dikco_mdec' (median: -0.017)
2025-10-05 13:10:21,615 - INFO - Applied median imputation to column 'koi_dikco_mdec_err' (median: 0.27)
2025-10-05 13:10:21,621 - INFO - Applied median imputation to column 'koi_dikco_msky' (median: 0.583)
2025-10-05 13:10:21,633 - INFO - Applied median imputation to column 'koi_dikco_msky_err' (median: 0.29)
2025-10-05 13:10:21,666 - INFO - Missing value handling complete. Remaining missing values: 0
2025-10-05 13:10:21,670 - INFO - Data shape after handling missing values: (9564, 112)
2025-10-05 13:10:21,695 - INFO - Dropped text categorical variables: ['koi_fittype', 'koi_limbdark_mod', 'koi_parm_prov', 'koi_tce_delivname', 'koi_quarters', 'koi_trans_mod', 'koi_datalink_dvr', 'koi_datalink_dvs', 'koi_sparprov']
2025-10-05 13:10:21,705 - INFO - Kept text columns: ['koi_disposition']
2025-10-05 13:10:21,712 - INFO - Data shape after dropping text columns: (9564, 103)
2025-10-05 13:10:21,741 - INFO - Removed error columns: ['koi_period_err1', 'koi_period_err2', 'koi_time0bk_err1', 'koi_time0bk_err2', 'koi_time0_err1', 'koi_time0_err2', 'koi_impact_err1', 'koi_impact_err2', 'koi_duration_err1', 'koi_duration_err2', 'koi_depth_err1', 'koi_depth_err2', 'koi_ror_err1', 'koi_ror_err2', 'koi_srho_err1', 'koi_srho_err2', 'koi_prad_err1', 'koi_prad_err2', 'koi_insol_err1', 'koi_insol_err2', 'koi_dor_err1', 'koi_dor_err2', 'koi_steff_err1', 'koi_steff_err2', 'koi_slogg_err1', 'koi_slogg_err2', 'koi_smet_err1', 'koi_smet_err2', 'koi_srad_err1', 'koi_srad_err2', 'koi_smass_err1', 'koi_smass_err2']
2025-10-05 13:10:21,748 - INFO - Data shape after removing error columns: (9564, 71)
2025-10-05 13:10:21,751 - INFO - Data processing pipeline completed successfully!
2025-10-05 13:10:21,751 - INFO - Final data shape: (9564, 71)
2025-10-05 13:10:21,778 - INFO - Data loaded successfully!
2025-10-05 13:10:21,780 - INFO - Shape: (9564, 70)
2025-10-05 13:10:21,780 - INFO - Classes: ['CANDIDATE' 'CONFIRMED' 'FALSE POSITIVE']
2025-10-05 13:10:21,792 - INFO - Class distribution: {'FALSE POSITIVE': 4839, 'CONFIRMED': 2746, 'CANDIDATE': 1979}
2025-10-05 13:10:21,800 - INFO - Training Gradient Boosting model...
2025-10-05 13:16:36,885 - INFO - Model trained successfully!
2025-10-05 13:16:36,885 - INFO - Validation Accuracy: 0.9467
2025-10-05 13:16:36,885 - INFO - Validation F1 Score: 0.9464
2025-10-05 13:16:55,176 - INFO - Loading and preparing data with data processing pipeline...
2025-10-05 13:16:55,881 - INFO - Starting data processing pipeline...
2025-10-05 13:16:56,477 - INFO - Data loaded successfully from temp_prediction_data.csv
2025-10-05 13:16:56,478 - INFO - Initial data shape: (9564, 140)
2025-10-05 13:16:56,493 - INFO - Removed leakage columns: ['koi_pdisposition', 'koi_vet_stat', 'koi_vet_date', 'koi_comment', 'koi_disp_prov', 'koi_score', 'kepler_name', 'kepid', 'kepoi_name']
2025-10-05 13:16:56,550 - INFO - Dropped columns with >20.0% missing values: ['koi_eccen_err1', 'koi_eccen_err2', 'koi_longp', 'koi_longp_err1', 'koi_longp_err2', 'koi_ingress', 'koi_ingress_err1', 'koi_ingress_err2', 'koi_sma_err1', 'koi_sma_err2', 'koi_incl_err1', 'koi_incl_err2', 'koi_teq_err1', 'koi_teq_err2', 'koi_model_dof', 'koi_model_chisq', 'koi_sage', 'koi_sage_err1', 'koi_sage_err2']
2025-10-05 13:16:56,558 - INFO - Applied median imputation to column 'koi_period_err1' (median: 3.5205e-05)
2025-10-05 13:16:56,562 - INFO - Applied median imputation to column 'koi_period_err2' (median: -3.5205e-05)
2025-10-05 13:16:56,567 - INFO - Applied median imputation to column 'koi_time0bk_err1' (median: 0.00413)
2025-10-05 13:16:56,570 - INFO - Applied median imputation to column 'koi_time0bk_err2' (median: -0.00413)
2025-10-05 13:16:56,574 - INFO - Applied median imputation to column 'koi_time0_err1' (median: 0.00413)
2025-10-05 13:16:56,577 - INFO - Applied median imputation to column 'koi_time0_err2' (median: -0.00413)
2025-10-05 13:16:56,580 - INFO - Applied median imputation to column 'koi_eccen' (median: 0.0)
2025-10-05 13:16:56,584 - INFO - Applied median imputation to column 'koi_impact' (median: 0.537)
2025-10-05 13:16:56,589 - INFO - Applied median imputation to column 'koi_impact_err1' (median: 0.193)
2025-10-05 13:16:56,591 - INFO - Applied median imputation to column 'koi_impact_err2' (median: -0.207)
2025-10-05 13:16:56,594 - INFO - Applied median imputation to column 'koi_duration_err1' (median: 0.142)
2025-10-05 13:16:56,598 - INFO - Applied median imputation to column 'koi_duration_err2' (median: -0.142)
2025-10-05 13:16:56,601 - INFO - Applied median imputation to column 'koi_depth' (median: 421.1)
2025-10-05 13:16:56,604 - INFO - Applied median imputation to column 'koi_depth_err1' (median: 20.75)
2025-10-05 13:16:56,607 - INFO - Applied median imputation to column 'koi_depth_err2' (median: -20.75)
2025-10-05 13:16:56,612 - INFO - Applied median imputation to column 'koi_ror' (median: 0.021076)
2025-10-05 13:16:56,614 - INFO - Applied median imputation to column 'koi_ror_err1' (median: 0.001088)
2025-10-05 13:16:56,619 - INFO - Applied median imputation to column 'koi_ror_err2' (median: -0.001236)
2025-10-05 13:16:56,621 - INFO - Applied median imputation to column 'koi_srho' (median: 0.95672)
2025-10-05 13:16:56,625 - INFO - Applied median imputation to column 'koi_srho_err1' (median: 0.43654)
2025-10-05 13:16:56,629 - INFO - Applied median imputation to column 'koi_srho_err2' (median: -0.22376)
2025-10-05 13:16:56,634 - INFO - Applied median imputation to column 'koi_prad' (median: 2.39)
2025-10-05 13:16:56,637 - INFO - Applied median imputation to column 'koi_prad_err1' (median: 0.52)
2025-10-05 13:16:56,639 - INFO - Applied median imputation to column 'koi_prad_err2' (median: -0.3)
2025-10-05 13:16:56,645 - INFO - Applied median imputation to column 'koi_sma' (median: 0.0851)
2025-10-05 13:16:56,649 - INFO - Applied median imputation to column 'koi_incl' (median: 88.5)
2025-10-05 13:16:56,654 - INFO - Applied median imputation to column 'koi_teq' (median: 878.0)
2025-10-05 13:16:56,658 - INFO - Applied median imputation to column 'koi_insol' (median: 141.6)
2025-10-05 13:16:56,664 - INFO - Applied median imputation to column 'koi_insol_err1' (median: 72.83)
2025-10-05 13:16:56,668 - INFO - Applied median imputation to column 'koi_insol_err2' (median: -40.26)
2025-10-05 13:16:56,673 - INFO - Applied median imputation to column 'koi_dor' (median: 15.46)
2025-10-05 13:16:56,677 - INFO - Applied median imputation to column 'koi_dor_err1' (median: 3.1)
2025-10-05 13:16:56,682 - INFO - Applied median imputation to column 'koi_dor_err2' (median: -3.1)
2025-10-05 13:16:56,697 - INFO - Applied mode imputation to column 'koi_limbdark_mod' (mode: Claret (2011 A&A 529 75) ATLAS LS)
2025-10-05 13:16:56,701 - INFO - Applied median imputation to column 'koi_ldm_coeff4' (median: 0.0)
2025-10-05 13:16:56,703 - INFO - Applied median imputation to column 'koi_ldm_coeff3' (median: 0.0)
2025-10-05 13:16:56,707 - INFO - Applied median imputation to column 'koi_ldm_coeff2' (median: 0.2711)
2025-10-05 13:16:56,712 - INFO - Applied median imputation to column 'koi_ldm_coeff1' (median: 0.392)
2025-10-05 13:16:56,722 - INFO - Applied median imputation to column 'koi_max_sngle_ev' (median: 5.5897505)
2025-10-05 13:16:56,725 - INFO - Applied median imputation to column 'koi_max_mult_ev' (median: 19.2544115)
2025-10-05 13:16:56,738 - INFO - Applied median imputation to column 'koi_model_snr' (median: 23.0)
2025-10-05 13:16:56,742 - INFO - Applied median imputation to column 'koi_num_transits' (median: 143.0)
2025-10-05 13:16:56,749 - INFO - Applied median imputation to column 'koi_tce_plnt_num' (median: 1.0)
2025-10-05 13:16:56,762 - INFO - Applied mode imputation to column 'koi_tce_delivname' (mode: q1_q17_dr25_tce)
2025-10-05 13:16:56,772 - INFO - Applied mode imputation to column 'koi_quarters' (mode: 11111111111111111000000000000000)
2025-10-05 13:16:56,778 - INFO - Applied median imputation to column 'koi_bin_oedp_sig' (median: 0.48660000000000003)
2025-10-05 13:16:56,795 - INFO - Applied mode imputation to column 'koi_trans_mod' (mode: Mandel and Agol (2002 ApJ 580 171))
2025-10-05 13:16:56,821 - INFO - Applied mode imputation to column 'koi_datalink_dvr' (mode: 011/011442/011442793/dv/kplr011442793-20160209194854_dvr.pdf)
2025-10-05 13:16:56,896 - INFO - Applied mode imputation to column 'koi_datalink_dvs' (mode: 000/000757/000757450/dv/kplr000757450-001-20160209194854_dvs.pdf)
2025-10-05 13:16:56,898 - INFO - Applied median imputation to column 'koi_steff' (median: 5767.0)
2025-10-05 13:16:56,902 - INFO - Applied median imputation to column 'koi_steff_err1' (median: 157.0)
2025-10-05 13:16:56,906 - INFO - Applied median imputation to column 'koi_steff_err2' (median: -160.0)
2025-10-05 13:16:56,912 - INFO - Applied median imputation to column 'koi_slogg' (median: 4.438)
2025-10-05 13:16:56,918 - INFO - Applied median imputation to column 'koi_slogg_err1' (median: 0.07)
2025-10-05 13:16:56,922 - INFO - Applied median imputation to column 'koi_slogg_err2' (median: -0.128)
2025-10-05 13:16:56,925 - INFO - Applied median imputation to column 'koi_smet' (median: -0.1)
2025-10-05 13:16:56,931 - INFO - Applied median imputation to column 'koi_smet_err1' (median: 0.25)
2025-10-05 13:16:56,935 - INFO - Applied median imputation to column 'koi_smet_err2' (median: -0.3)
2025-10-05 13:16:56,939 - INFO - Applied median imputation to column 'koi_srad' (median: 1.0)
2025-10-05 13:16:56,942 - INFO - Applied median imputation to column 'koi_srad_err1' (median: 0.251)
2025-10-05 13:16:56,950 - INFO - Applied median imputation to column 'koi_srad_err2' (median: -0.111)
2025-10-05 13:16:56,954 - INFO - Applied median imputation to column 'koi_smass' (median: 0.974)
2025-10-05 13:16:56,957 - INFO - Applied median imputation to column 'koi_smass_err1' (median: 0.106)
2025-10-05 13:16:56,964 - INFO - Applied median imputation to column 'koi_smass_err2' (median: -0.0975)
2025-10-05 13:16:56,975 - INFO - Applied mode imputation to column 'koi_sparprov' (mode: q1_q17_dr25_stellar)
2025-10-05 13:16:56,984 - INFO - Applied median imputation to column 'koi_kepmag' (median: 14.52)
2025-10-05 13:16:56,988 - INFO - Applied median imputation to column 'koi_gmag' (median: 15.064)
2025-10-05 13:16:56,992 - INFO - Applied median imputation to column 'koi_rmag' (median: 14.471)
2025-10-05 13:16:56,997 - INFO - Applied median imputation to column 'koi_imag' (median: 14.317499999999999)
2025-10-05 13:16:57,001 - INFO - Applied median imputation to column 'koi_zmag' (median: 14.254)
2025-10-05 13:16:57,006 - INFO - Applied median imputation to column 'koi_jmag' (median: 13.236)
2025-10-05 13:16:57,011 - INFO - Applied median imputation to column 'koi_hmag' (median: 12.834)
2025-10-05 13:16:57,016 - INFO - Applied median imputation to column 'koi_kmag' (median: 12.744)
2025-10-05 13:16:57,021 - INFO - Applied median imputation to column 'koi_fwm_stat_sig' (median: 0.006)
2025-10-05 13:16:57,023 - INFO - Applied median imputation to column 'koi_fwm_sra' (median: 19.48498256)
2025-10-05 13:16:57,029 - INFO - Applied median imputation to column 'koi_fwm_sra_err' (median: 1.5e-05)
2025-10-05 13:16:57,034 - INFO - Applied median imputation to column 'koi_fwm_sdec' (median: 43.694115)
2025-10-05 13:16:57,038 - INFO - Applied median imputation to column 'koi_fwm_sdec_err' (median: 0.00016)
2025-10-05 13:16:57,043 - INFO - Applied median imputation to column 'koi_fwm_srao' (median: -0.0005)
2025-10-05 13:16:57,049 - INFO - Applied median imputation to column 'koi_fwm_srao_err' (median: 0.57)
2025-10-05 13:16:57,054 - INFO - Applied median imputation to column 'koi_fwm_sdeco' (median: -0.034)
2025-10-05 13:16:57,058 - INFO - Applied median imputation to column 'koi_fwm_sdeco_err' (median: 0.57)
2025-10-05 13:16:57,067 - INFO - Applied median imputation to column 'koi_fwm_prao' (median: 0.0)
2025-10-05 13:16:57,073 - INFO - Applied median imputation to column 'koi_fwm_prao_err' (median: 0.00022)
2025-10-05 13:16:57,078 - INFO - Applied median imputation to column 'koi_fwm_pdeco' (median: 0.0)
2025-10-05 13:16:57,083 - INFO - Applied median imputation to column 'koi_fwm_pdeco_err' (median: 0.00023)
2025-10-05 13:16:57,089 - INFO - Applied median imputation to column 'koi_dicco_mra' (median: 0.0)
2025-10-05 13:16:57,095 - INFO - Applied median imputation to column 'koi_dicco_mra_err' (median: 0.26)
2025-10-05 13:16:57,099 - INFO - Applied median imputation to column 'koi_dicco_mdec' (median: 0.0)
2025-10-05 13:16:57,104 - INFO - Applied median imputation to column 'koi_dicco_mdec_err' (median: 0.28)
2025-10-05 13:16:57,107 - INFO - Applied median imputation to column 'koi_dicco_msky' (median: 0.61)
2025-10-05 13:16:57,112 - INFO - Applied median imputation to column 'koi_dicco_msky_err' (median: 0.31)
2025-10-05 13:16:57,117 - INFO - Applied median imputation to column 'koi_dikco_mra' (median: -0.004)
2025-10-05 13:16:57,122 - INFO - Applied median imputation to column 'koi_dikco_mra_err' (median: 0.25)
2025-10-05 13:16:57,127 - INFO - Applied median imputation to column 'koi_dikco_mdec' (median: -0.017)
2025-10-05 13:16:57,133 - INFO - Applied median imputation to column 'koi_dikco_mdec_err' (median: 0.27)
2025-10-05 13:16:57,138 - INFO - Applied median imputation to column 'koi_dikco_msky' (median: 0.583)
2025-10-05 13:16:57,141 - INFO - Applied median imputation to column 'koi_dikco_msky_err' (median: 0.29)
2025-10-05 13:16:57,165 - INFO - Missing value handling complete. Remaining missing values: 0
2025-10-05 13:16:57,171 - INFO - Data shape after handling missing values: (9564, 112)
2025-10-05 13:16:57,183 - INFO - Dropped text categorical variables: ['koi_fittype', 'koi_limbdark_mod', 'koi_parm_prov', 'koi_tce_delivname', 'koi_quarters', 'koi_trans_mod', 'koi_datalink_dvr', 'koi_datalink_dvs', 'koi_sparprov']
2025-10-05 13:16:57,186 - INFO - Kept text columns: ['koi_disposition']
2025-10-05 13:16:57,191 - INFO - Data shape after dropping text columns: (9564, 103)
2025-10-05 13:16:57,211 - INFO - Removed error columns: ['koi_period_err1', 'koi_period_err2', 'koi_time0bk_err1', 'koi_time0bk_err2', 'koi_time0_err1', 'koi_time0_err2', 'koi_impact_err1', 'koi_impact_err2', 'koi_duration_err1', 'koi_duration_err2', 'koi_depth_err1', 'koi_depth_err2', 'koi_ror_err1', 'koi_ror_err2', 'koi_srho_err1', 'koi_srho_err2', 'koi_prad_err1', 'koi_prad_err2', 'koi_insol_err1', 'koi_insol_err2', 'koi_dor_err1', 'koi_dor_err2', 'koi_steff_err1', 'koi_steff_err2', 'koi_slogg_err1', 'koi_slogg_err2', 'koi_smet_err1', 'koi_smet_err2', 'koi_srad_err1', 'koi_srad_err2', 'koi_smass_err1', 'koi_smass_err2']
2025-10-05 13:16:57,215 - INFO - Data shape after removing error columns: (9564, 71)
2025-10-05 13:16:57,217 - INFO - Data processing pipeline completed successfully!
2025-10-05 13:16:57,218 - INFO - Final data shape: (9564, 71)
2025-10-05 13:16:57,240 - INFO - Data loaded successfully!
2025-10-05 13:16:57,240 - INFO - Shape: (9564, 70)
2025-10-05 13:16:57,242 - INFO - Classes: ['CANDIDATE' 'CONFIRMED' 'FALSE POSITIVE']
2025-10-05 13:16:57,248 - INFO - Class distribution: {'FALSE POSITIVE': 4839, 'CONFIRMED': 2746, 'CANDIDATE': 1979}
2025-10-05 13:16:59,088 - INFO - Predictions completed for 9564 objects
