2025-10-05 12:07:28,296 - INFO - ============================================================
2025-10-05 12:07:28,296 - INFO - EXOPLANET MODEL SESSION STARTED - 2025-10-05 12:07:28.296442
2025-10-05 12:07:28,298 - INFO - ============================================================
2025-10-05 12:07:28,298 - INFO - Output directory: exoplanet_model_outputs
2025-10-05 12:07:28,298 - INFO - Log file: exoplanet_model_outputs\logs\exoplanet_model_20251005_120728.log
2025-10-05 12:07:28,298 - INFO - Loading and preparing data with data processing pipeline...
2025-10-05 12:07:28,442 - INFO - Starting data processing pipeline...
2025-10-05 12:07:28,589 - INFO - Data loaded successfully from cumulative_2025.10.04_07.24.46.csv
2025-10-05 12:07:28,590 - INFO - Initial data shape: (9564, 49)
2025-10-05 12:07:28,594 - INFO - Removed leakage columns: ['koi_pdisposition', 'koi_vet_stat', 'koi_vet_date', 'koi_comment', 'koi_disp_prov', 'koi_score', 'kepler_name', 'kepid', 'kepoi_name']
2025-10-05 12:07:28,606 - INFO - Dropped columns with >20.0% missing values: ['koi_teq_err1', 'koi_teq_err2']
2025-10-05 12:07:28,611 - INFO - Applied median imputation to column 'koi_period_err1' (median: 3.5205e-05)
2025-10-05 12:07:28,613 - INFO - Applied median imputation to column 'koi_period_err2' (median: -3.5205e-05)
2025-10-05 12:07:28,617 - INFO - Applied median imputation to column 'koi_time0bk_err1' (median: 0.00413)
2025-10-05 12:07:28,619 - INFO - Applied median imputation to column 'koi_time0bk_err2' (median: -0.00413)
2025-10-05 12:07:28,621 - INFO - Applied median imputation to column 'koi_impact' (median: 0.537)
2025-10-05 12:07:28,624 - INFO - Applied median imputation to column 'koi_impact_err1' (median: 0.193)
2025-10-05 12:07:28,626 - INFO - Applied median imputation to column 'koi_impact_err2' (median: -0.207)
2025-10-05 12:07:28,630 - INFO - Applied median imputation to column 'koi_duration_err1' (median: 0.142)
2025-10-05 12:07:28,634 - INFO - Applied median imputation to column 'koi_duration_err2' (median: -0.142)
2025-10-05 12:07:28,636 - INFO - Applied median imputation to column 'koi_depth' (median: 421.1)
2025-10-05 12:07:28,638 - INFO - Applied median imputation to column 'koi_depth_err1' (median: 20.75)
2025-10-05 12:07:28,641 - INFO - Applied median imputation to column 'koi_depth_err2' (median: -20.75)
2025-10-05 12:07:28,644 - INFO - Applied median imputation to column 'koi_prad' (median: 2.39)
2025-10-05 12:07:28,647 - INFO - Applied median imputation to column 'koi_prad_err1' (median: 0.52)
2025-10-05 12:07:28,650 - INFO - Applied median imputation to column 'koi_prad_err2' (median: -0.3)
2025-10-05 12:07:28,653 - INFO - Applied median imputation to column 'koi_teq' (median: 878.0)
2025-10-05 12:07:28,655 - INFO - Applied median imputation to column 'koi_insol' (median: 141.6)
2025-10-05 12:07:28,659 - INFO - Applied median imputation to column 'koi_insol_err1' (median: 72.83)
2025-10-05 12:07:28,661 - INFO - Applied median imputation to column 'koi_insol_err2' (median: -40.26)
2025-10-05 12:07:28,665 - INFO - Applied median imputation to column 'koi_model_snr' (median: 23.0)
2025-10-05 12:07:28,667 - INFO - Applied median imputation to column 'koi_tce_plnt_num' (median: 1.0)
2025-10-05 12:07:28,675 - INFO - Applied mode imputation to column 'koi_tce_delivname' (mode: q1_q17_dr25_tce)
2025-10-05 12:07:28,676 - INFO - Applied median imputation to column 'koi_steff' (median: 5767.0)
2025-10-05 12:07:28,676 - INFO - Applied median imputation to column 'koi_steff_err1' (median: 157.0)
2025-10-05 12:07:28,682 - INFO - Applied median imputation to column 'koi_steff_err2' (median: -160.0)
2025-10-05 12:07:28,684 - INFO - Applied median imputation to column 'koi_slogg' (median: 4.438)
2025-10-05 12:07:28,686 - INFO - Applied median imputation to column 'koi_slogg_err1' (median: 0.07)
2025-10-05 12:07:28,688 - INFO - Applied median imputation to column 'koi_slogg_err2' (median: -0.128)
2025-10-05 12:07:28,691 - INFO - Applied median imputation to column 'koi_srad' (median: 1.0)
2025-10-05 12:07:28,694 - INFO - Applied median imputation to column 'koi_srad_err1' (median: 0.251)
2025-10-05 12:07:28,696 - INFO - Applied median imputation to column 'koi_srad_err2' (median: -0.111)
2025-10-05 12:07:28,699 - INFO - Applied median imputation to column 'koi_kepmag' (median: 14.52)
2025-10-05 12:07:28,705 - INFO - Missing value handling complete. Remaining missing values: 0
2025-10-05 12:07:28,706 - INFO - Data shape after handling missing values: (9564, 42)
2025-10-05 12:07:28,711 - INFO - Dropped text categorical variables: ['koi_tce_delivname']
2025-10-05 12:07:28,711 - INFO - Kept text columns: ['koi_disposition']
2025-10-05 12:07:28,712 - INFO - Data shape after dropping text columns: (9564, 41)
2025-10-05 12:07:28,717 - INFO - Removed error columns: ['koi_period_err1', 'koi_period_err2', 'koi_time0bk_err1', 'koi_time0bk_err2', 'koi_impact_err1', 'koi_impact_err2', 'koi_duration_err1', 'koi_duration_err2', 'koi_depth_err1', 'koi_depth_err2', 'koi_prad_err1', 'koi_prad_err2', 'koi_insol_err1', 'koi_insol_err2', 'koi_steff_err1', 'koi_steff_err2', 'koi_slogg_err1', 'koi_slogg_err2', 'koi_srad_err1', 'koi_srad_err2']
2025-10-05 12:07:28,719 - INFO - Data shape after removing error columns: (9564, 21)
2025-10-05 12:07:28,719 - INFO - Data processing pipeline completed successfully!
2025-10-05 12:07:28,720 - INFO - Final data shape: (9564, 21)
2025-10-05 12:07:28,727 - INFO - Data loaded successfully!
2025-10-05 12:07:28,728 - INFO - Shape: (9564, 20)
2025-10-05 12:07:28,729 - INFO - Classes: ['CANDIDATE' 'CONFIRMED' 'FALSE POSITIVE']
2025-10-05 12:07:28,732 - INFO - Class distribution: {'FALSE POSITIVE': 4839, 'CONFIRMED': 2746, 'CANDIDATE': 1979}
2025-10-05 12:07:28,734 - INFO - Training Gradient Boosting model...
2025-10-05 12:09:30,525 - INFO - Model trained successfully!
2025-10-05 12:09:30,525 - INFO - Validation Accuracy: 0.9205
2025-10-05 12:09:30,525 - INFO - Validation F1 Score: 0.9206
2025-10-05 12:09:30,525 - INFO - Model summary saved to: exoplanet_model_outputs\logs\model_summary_20251005_120930.json
2025-10-05 12:09:30,539 - INFO - Loading and preparing data with data processing pipeline...
2025-10-05 12:09:30,644 - INFO - Starting data processing pipeline...
2025-10-05 12:09:30,753 - INFO - Data loaded successfully from cumulative_2025.10.04_07.24.46.csv
2025-10-05 12:09:30,753 - INFO - Initial data shape: (9564, 49)
2025-10-05 12:09:30,757 - INFO - Removed leakage columns: ['koi_pdisposition', 'koi_vet_stat', 'koi_vet_date', 'koi_comment', 'koi_disp_prov', 'koi_score', 'kepler_name', 'kepid', 'kepoi_name']
2025-10-05 12:09:30,768 - INFO - Dropped columns with >20.0% missing values: ['koi_teq_err1', 'koi_teq_err2']
2025-10-05 12:09:30,774 - INFO - Applied median imputation to column 'koi_period_err1' (median: 3.5205e-05)
2025-10-05 12:09:30,776 - INFO - Applied median imputation to column 'koi_period_err2' (median: -3.5205e-05)
2025-10-05 12:09:30,779 - INFO - Applied median imputation to column 'koi_time0bk_err1' (median: 0.00413)
2025-10-05 12:09:30,784 - INFO - Applied median imputation to column 'koi_time0bk_err2' (median: -0.00413)
2025-10-05 12:09:30,786 - INFO - Applied median imputation to column 'koi_impact' (median: 0.537)
2025-10-05 12:09:30,789 - INFO - Applied median imputation to column 'koi_impact_err1' (median: 0.193)
2025-10-05 12:09:30,791 - INFO - Applied median imputation to column 'koi_impact_err2' (median: -0.207)
2025-10-05 12:09:30,794 - INFO - Applied median imputation to column 'koi_duration_err1' (median: 0.142)
2025-10-05 12:09:30,796 - INFO - Applied median imputation to column 'koi_duration_err2' (median: -0.142)
2025-10-05 12:09:30,799 - INFO - Applied median imputation to column 'koi_depth' (median: 421.1)
2025-10-05 12:09:30,801 - INFO - Applied median imputation to column 'koi_depth_err1' (median: 20.75)
2025-10-05 12:09:30,803 - INFO - Applied median imputation to column 'koi_depth_err2' (median: -20.75)
2025-10-05 12:09:30,805 - INFO - Applied median imputation to column 'koi_prad' (median: 2.39)
2025-10-05 12:09:30,807 - INFO - Applied median imputation to column 'koi_prad_err1' (median: 0.52)
2025-10-05 12:09:30,808 - INFO - Applied median imputation to column 'koi_prad_err2' (median: -0.3)
2025-10-05 12:09:30,811 - INFO - Applied median imputation to column 'koi_teq' (median: 878.0)
2025-10-05 12:09:30,813 - INFO - Applied median imputation to column 'koi_insol' (median: 141.6)
2025-10-05 12:09:30,816 - INFO - Applied median imputation to column 'koi_insol_err1' (median: 72.83)
2025-10-05 12:09:30,818 - INFO - Applied median imputation to column 'koi_insol_err2' (median: -40.26)
2025-10-05 12:09:30,820 - INFO - Applied median imputation to column 'koi_model_snr' (median: 23.0)
2025-10-05 12:09:30,822 - INFO - Applied median imputation to column 'koi_tce_plnt_num' (median: 1.0)
2025-10-05 12:09:30,824 - INFO - Applied mode imputation to column 'koi_tce_delivname' (mode: q1_q17_dr25_tce)
2025-10-05 12:09:30,830 - INFO - Applied median imputation to column 'koi_steff' (median: 5767.0)
2025-10-05 12:09:30,832 - INFO - Applied median imputation to column 'koi_steff_err1' (median: 157.0)
2025-10-05 12:09:30,834 - INFO - Applied median imputation to column 'koi_steff_err2' (median: -160.0)
2025-10-05 12:09:30,836 - INFO - Applied median imputation to column 'koi_slogg' (median: 4.438)
2025-10-05 12:09:30,836 - INFO - Applied median imputation to column 'koi_slogg_err1' (median: 0.07)
2025-10-05 12:09:30,836 - INFO - Applied median imputation to column 'koi_slogg_err2' (median: -0.128)
2025-10-05 12:09:30,836 - INFO - Applied median imputation to column 'koi_srad' (median: 1.0)
2025-10-05 12:09:30,843 - INFO - Applied median imputation to column 'koi_srad_err1' (median: 0.251)
2025-10-05 12:09:30,845 - INFO - Applied median imputation to column 'koi_srad_err2' (median: -0.111)
2025-10-05 12:09:30,848 - INFO - Applied median imputation to column 'koi_kepmag' (median: 14.52)
2025-10-05 12:09:30,854 - INFO - Missing value handling complete. Remaining missing values: 0
2025-10-05 12:09:30,856 - INFO - Data shape after handling missing values: (9564, 42)
2025-10-05 12:09:30,859 - INFO - Dropped text categorical variables: ['koi_tce_delivname']
2025-10-05 12:09:30,859 - INFO - Kept text columns: ['koi_disposition']
2025-10-05 12:09:30,860 - INFO - Data shape after dropping text columns: (9564, 41)
2025-10-05 12:09:30,866 - INFO - Removed error columns: ['koi_period_err1', 'koi_period_err2', 'koi_time0bk_err1', 'koi_time0bk_err2', 'koi_impact_err1', 'koi_impact_err2', 'koi_duration_err1', 'koi_duration_err2', 'koi_depth_err1', 'koi_depth_err2', 'koi_prad_err1', 'koi_prad_err2', 'koi_insol_err1', 'koi_insol_err2', 'koi_steff_err1', 'koi_steff_err2', 'koi_slogg_err1', 'koi_slogg_err2', 'koi_srad_err1', 'koi_srad_err2']
2025-10-05 12:09:30,867 - INFO - Data shape after removing error columns: (9564, 21)
2025-10-05 12:09:30,867 - INFO - Data processing pipeline completed successfully!
2025-10-05 12:09:30,868 - INFO - Final data shape: (9564, 21)
2025-10-05 12:09:30,872 - INFO - Data loaded successfully!
2025-10-05 12:09:30,872 - INFO - Shape: (9564, 20)
2025-10-05 12:09:30,872 - INFO - Classes: ['CANDIDATE' 'CONFIRMED' 'FALSE POSITIVE']
2025-10-05 12:09:30,875 - INFO - Class distribution: {'FALSE POSITIVE': 4839, 'CONFIRMED': 2746, 'CANDIDATE': 1979}
2025-10-05 12:09:32,567 - INFO - Predictions completed for 9564 objects
2025-10-05 12:09:33,925 - INFO - Predictions saved to:
2025-10-05 12:09:33,929 - INFO -   JSON: exoplanet_model_outputs\predictions\predictions_20251005_120932.json
2025-10-05 12:09:33,933 - INFO -   CSV: exoplanet_model_outputs\predictions\predictions_20251005_120932.csv
2025-10-05 12:09:33,941 - INFO - Prediction Summary:
2025-10-05 12:09:33,941 - INFO -   CONFIRMED: 2754 (28.8%)
2025-10-05 12:09:33,947 - INFO -   CANDIDATE: 1976 (20.7%)
2025-10-05 12:09:33,949 - INFO -   FALSE POSITIVE: 4834 (50.5%)
2025-10-05 12:09:33,961 - INFO -   K00752.01 - CANDIDATE: 0.0005
2025-10-05 12:09:33,963 - INFO -   K00752.01 - CONFIRMED: 0.9995
2025-10-05 12:09:33,964 - INFO -   K00752.01 - FALSE POSITIVE: 0.0000
2025-10-05 12:09:33,968 - INFO -   K00752.02 - CANDIDATE: 0.0001
2025-10-05 12:09:33,969 - INFO -   K00752.02 - CONFIRMED: 0.9999
2025-10-05 12:09:33,970 - INFO -   K00752.02 - FALSE POSITIVE: 0.0000
2025-10-05 12:09:33,975 - INFO -   K00753.01 - CANDIDATE: 0.9996
2025-10-05 12:09:33,975 - INFO -   K00753.01 - CONFIRMED: 0.0003
2025-10-05 12:09:33,976 - INFO -   K00753.01 - FALSE POSITIVE: 0.0001
2025-10-05 12:09:33,980 - INFO -   K00754.01 - CANDIDATE: 0.0000
2025-10-05 12:09:33,980 - INFO -   K00754.01 - CONFIRMED: 0.0000
2025-10-05 12:09:33,982 - INFO -   K00754.01 - FALSE POSITIVE: 0.9999
2025-10-05 12:09:33,986 - INFO -   K00755.01 - CANDIDATE: 0.0015
2025-10-05 12:09:33,987 - INFO -   K00755.01 - CONFIRMED: 0.9984
2025-10-05 12:09:33,987 - INFO -   K00755.01 - FALSE POSITIVE: 0.0000
2025-10-05 12:09:36,174 - INFO - Prediction frequency plot saved to exoplanet_model_outputs\plots\prediction_frequency_20251005_120935.png
2025-10-05 12:09:37,710 - INFO - Feature importance plot saved to exoplanet_model_outputs\plots\feature_importance_20251005_120936.png
2025-10-05 12:09:37,886 - INFO - Model saved to final_exoplanet_model.joblib
2025-10-05 12:09:37,891 - INFO - Loading and preparing data with data processing pipeline...
2025-10-05 12:09:38,077 - INFO - Starting data processing pipeline...
2025-10-05 12:09:38,246 - INFO - Data loaded successfully from cumulative_2025.10.04_07.24.46.csv
2025-10-05 12:09:38,247 - INFO - Initial data shape: (9564, 49)
2025-10-05 12:09:38,247 - INFO - Removed leakage columns: ['koi_pdisposition', 'koi_vet_stat', 'koi_vet_date', 'koi_comment', 'koi_disp_prov', 'koi_score', 'kepler_name', 'kepid', 'kepoi_name']
2025-10-05 12:09:38,271 - INFO - Dropped columns with >20.0% missing values: ['koi_teq_err1', 'koi_teq_err2']
2025-10-05 12:09:38,281 - INFO - Applied median imputation to column 'koi_period_err1' (median: 3.5205e-05)
2025-10-05 12:09:38,285 - INFO - Applied median imputation to column 'koi_period_err2' (median: -3.5205e-05)
2025-10-05 12:09:38,288 - INFO - Applied median imputation to column 'koi_time0bk_err1' (median: 0.00413)
2025-10-05 12:09:38,295 - INFO - Applied median imputation to column 'koi_time0bk_err2' (median: -0.00413)
2025-10-05 12:09:38,298 - INFO - Applied median imputation to column 'koi_impact' (median: 0.537)
2025-10-05 12:09:38,302 - INFO - Applied median imputation to column 'koi_impact_err1' (median: 0.193)
2025-10-05 12:09:38,305 - INFO - Applied median imputation to column 'koi_impact_err2' (median: -0.207)
2025-10-05 12:09:38,308 - INFO - Applied median imputation to column 'koi_duration_err1' (median: 0.142)
2025-10-05 12:09:38,314 - INFO - Applied median imputation to column 'koi_duration_err2' (median: -0.142)
2025-10-05 12:09:38,318 - INFO - Applied median imputation to column 'koi_depth' (median: 421.1)
2025-10-05 12:09:38,322 - INFO - Applied median imputation to column 'koi_depth_err1' (median: 20.75)
2025-10-05 12:09:38,326 - INFO - Applied median imputation to column 'koi_depth_err2' (median: -20.75)
2025-10-05 12:09:38,330 - INFO - Applied median imputation to column 'koi_prad' (median: 2.39)
2025-10-05 12:09:38,333 - INFO - Applied median imputation to column 'koi_prad_err1' (median: 0.52)
2025-10-05 12:09:38,336 - INFO - Applied median imputation to column 'koi_prad_err2' (median: -0.3)
2025-10-05 12:09:38,340 - INFO - Applied median imputation to column 'koi_teq' (median: 878.0)
2025-10-05 12:09:38,343 - INFO - Applied median imputation to column 'koi_insol' (median: 141.6)
2025-10-05 12:09:38,347 - INFO - Applied median imputation to column 'koi_insol_err1' (median: 72.83)
2025-10-05 12:09:38,349 - INFO - Applied median imputation to column 'koi_insol_err2' (median: -40.26)
2025-10-05 12:09:38,355 - INFO - Applied median imputation to column 'koi_model_snr' (median: 23.0)
2025-10-05 12:09:38,361 - INFO - Applied median imputation to column 'koi_tce_plnt_num' (median: 1.0)
2025-10-05 12:09:38,378 - INFO - Applied mode imputation to column 'koi_tce_delivname' (mode: q1_q17_dr25_tce)
2025-10-05 12:09:38,385 - INFO - Applied median imputation to column 'koi_steff' (median: 5767.0)
2025-10-05 12:09:38,389 - INFO - Applied median imputation to column 'koi_steff_err1' (median: 157.0)
2025-10-05 12:09:38,393 - INFO - Applied median imputation to column 'koi_steff_err2' (median: -160.0)
2025-10-05 12:09:38,398 - INFO - Applied median imputation to column 'koi_slogg' (median: 4.438)
2025-10-05 12:09:38,402 - INFO - Applied median imputation to column 'koi_slogg_err1' (median: 0.07)
2025-10-05 12:09:38,405 - INFO - Applied median imputation to column 'koi_slogg_err2' (median: -0.128)
2025-10-05 12:09:38,407 - INFO - Applied median imputation to column 'koi_srad' (median: 1.0)
2025-10-05 12:09:38,411 - INFO - Applied median imputation to column 'koi_srad_err1' (median: 0.251)
2025-10-05 12:09:38,417 - INFO - Applied median imputation to column 'koi_srad_err2' (median: -0.111)
2025-10-05 12:09:38,421 - INFO - Applied median imputation to column 'koi_kepmag' (median: 14.52)
2025-10-05 12:09:38,427 - INFO - Missing value handling complete. Remaining missing values: 0
2025-10-05 12:09:38,430 - INFO - Data shape after handling missing values: (9564, 42)
2025-10-05 12:09:38,436 - INFO - Dropped text categorical variables: ['koi_tce_delivname']
2025-10-05 12:09:38,437 - INFO - Kept text columns: ['koi_disposition']
2025-10-05 12:09:38,438 - INFO - Data shape after dropping text columns: (9564, 41)
2025-10-05 12:09:38,448 - INFO - Removed error columns: ['koi_period_err1', 'koi_period_err2', 'koi_time0bk_err1', 'koi_time0bk_err2', 'koi_impact_err1', 'koi_impact_err2', 'koi_duration_err1', 'koi_duration_err2', 'koi_depth_err1', 'koi_depth_err2', 'koi_prad_err1', 'koi_prad_err2', 'koi_insol_err1', 'koi_insol_err2', 'koi_steff_err1', 'koi_steff_err2', 'koi_slogg_err1', 'koi_slogg_err2', 'koi_srad_err1', 'koi_srad_err2']
2025-10-05 12:09:38,450 - INFO - Data shape after removing error columns: (9564, 21)
2025-10-05 12:09:38,450 - INFO - Data processing pipeline completed successfully!
2025-10-05 12:09:38,451 - INFO - Final data shape: (9564, 21)
2025-10-05 12:09:38,461 - INFO - Data loaded successfully!
2025-10-05 12:09:38,462 - INFO - Shape: (9564, 20)
2025-10-05 12:09:38,464 - INFO - Classes: ['CANDIDATE' 'CONFIRMED' 'FALSE POSITIVE']
2025-10-05 12:09:38,467 - INFO - Class distribution: {'FALSE POSITIVE': 4839, 'CONFIRMED': 2746, 'CANDIDATE': 1979}
2025-10-05 12:09:40,203 - INFO - Predictions completed for 9564 objects
2025-10-05 12:09:40,212 - INFO - Loading and preparing data with data processing pipeline...
2025-10-05 12:09:40,342 - INFO - Starting data processing pipeline...
2025-10-05 12:09:40,471 - INFO - Data loaded successfully from cumulative_2025.10.04_07.24.46.csv
2025-10-05 12:09:40,471 - INFO - Initial data shape: (9564, 49)
2025-10-05 12:09:40,475 - INFO - Removed leakage columns: ['koi_pdisposition', 'koi_vet_stat', 'koi_vet_date', 'koi_comment', 'koi_disp_prov', 'koi_score', 'kepler_name', 'kepid', 'kepoi_name']
2025-10-05 12:09:40,485 - INFO - Dropped columns with >20.0% missing values: ['koi_teq_err1', 'koi_teq_err2']
2025-10-05 12:09:40,491 - INFO - Applied median imputation to column 'koi_period_err1' (median: 3.5205e-05)
2025-10-05 12:09:40,494 - INFO - Applied median imputation to column 'koi_period_err2' (median: -3.5205e-05)
2025-10-05 12:09:40,497 - INFO - Applied median imputation to column 'koi_time0bk_err1' (median: 0.00413)
2025-10-05 12:09:40,499 - INFO - Applied median imputation to column 'koi_time0bk_err2' (median: -0.00413)
2025-10-05 12:09:40,502 - INFO - Applied median imputation to column 'koi_impact' (median: 0.537)
2025-10-05 12:09:40,503 - INFO - Applied median imputation to column 'koi_impact_err1' (median: 0.193)
2025-10-05 12:09:40,505 - INFO - Applied median imputation to column 'koi_impact_err2' (median: -0.207)
2025-10-05 12:09:40,507 - INFO - Applied median imputation to column 'koi_duration_err1' (median: 0.142)
2025-10-05 12:09:40,509 - INFO - Applied median imputation to column 'koi_duration_err2' (median: -0.142)
2025-10-05 12:09:40,512 - INFO - Applied median imputation to column 'koi_depth' (median: 421.1)
2025-10-05 12:09:40,515 - INFO - Applied median imputation to column 'koi_depth_err1' (median: 20.75)
2025-10-05 12:09:40,516 - INFO - Applied median imputation to column 'koi_depth_err2' (median: -20.75)
2025-10-05 12:09:40,519 - INFO - Applied median imputation to column 'koi_prad' (median: 2.39)
2025-10-05 12:09:40,519 - INFO - Applied median imputation to column 'koi_prad_err1' (median: 0.52)
2025-10-05 12:09:40,523 - INFO - Applied median imputation to column 'koi_prad_err2' (median: -0.3)
2025-10-05 12:09:40,524 - INFO - Applied median imputation to column 'koi_teq' (median: 878.0)
2025-10-05 12:09:40,528 - INFO - Applied median imputation to column 'koi_insol' (median: 141.6)
2025-10-05 12:09:40,531 - INFO - Applied median imputation to column 'koi_insol_err1' (median: 72.83)
2025-10-05 12:09:40,534 - INFO - Applied median imputation to column 'koi_insol_err2' (median: -40.26)
2025-10-05 12:09:40,536 - INFO - Applied median imputation to column 'koi_model_snr' (median: 23.0)
2025-10-05 12:09:40,538 - INFO - Applied median imputation to column 'koi_tce_plnt_num' (median: 1.0)
2025-10-05 12:09:40,544 - INFO - Applied mode imputation to column 'koi_tce_delivname' (mode: q1_q17_dr25_tce)
2025-10-05 12:09:40,547 - INFO - Applied median imputation to column 'koi_steff' (median: 5767.0)
2025-10-05 12:09:40,549 - INFO - Applied median imputation to column 'koi_steff_err1' (median: 157.0)
2025-10-05 12:09:40,551 - INFO - Applied median imputation to column 'koi_steff_err2' (median: -160.0)
2025-10-05 12:09:40,553 - INFO - Applied median imputation to column 'koi_slogg' (median: 4.438)
2025-10-05 12:09:40,555 - INFO - Applied median imputation to column 'koi_slogg_err1' (median: 0.07)
2025-10-05 12:09:40,557 - INFO - Applied median imputation to column 'koi_slogg_err2' (median: -0.128)
2025-10-05 12:09:40,559 - INFO - Applied median imputation to column 'koi_srad' (median: 1.0)
2025-10-05 12:09:40,562 - INFO - Applied median imputation to column 'koi_srad_err1' (median: 0.251)
2025-10-05 12:09:40,566 - INFO - Applied median imputation to column 'koi_srad_err2' (median: -0.111)
2025-10-05 12:09:40,568 - INFO - Applied median imputation to column 'koi_kepmag' (median: 14.52)
2025-10-05 12:09:40,572 - INFO - Missing value handling complete. Remaining missing values: 0
2025-10-05 12:09:40,573 - INFO - Data shape after handling missing values: (9564, 42)
2025-10-05 12:09:40,576 - INFO - Dropped text categorical variables: ['koi_tce_delivname']
2025-10-05 12:09:40,577 - INFO - Kept text columns: ['koi_disposition']
2025-10-05 12:09:40,580 - INFO - Data shape after dropping text columns: (9564, 41)
2025-10-05 12:09:40,584 - INFO - Removed error columns: ['koi_period_err1', 'koi_period_err2', 'koi_time0bk_err1', 'koi_time0bk_err2', 'koi_impact_err1', 'koi_impact_err2', 'koi_duration_err1', 'koi_duration_err2', 'koi_depth_err1', 'koi_depth_err2', 'koi_prad_err1', 'koi_prad_err2', 'koi_insol_err1', 'koi_insol_err2', 'koi_steff_err1', 'koi_steff_err2', 'koi_slogg_err1', 'koi_slogg_err2', 'koi_srad_err1', 'koi_srad_err2']
2025-10-05 12:09:40,585 - INFO - Data shape after removing error columns: (9564, 21)
2025-10-05 12:09:40,586 - INFO - Data processing pipeline completed successfully!
2025-10-05 12:09:40,586 - INFO - Final data shape: (9564, 21)
2025-10-05 12:09:40,591 - INFO - Data loaded successfully!
2025-10-05 12:09:40,592 - INFO - Shape: (9564, 20)
2025-10-05 12:09:40,593 - INFO - Classes: ['CANDIDATE' 'CONFIRMED' 'FALSE POSITIVE']
2025-10-05 12:09:40,595 - INFO - Class distribution: {'FALSE POSITIVE': 4839, 'CONFIRMED': 2746, 'CANDIDATE': 1979}
2025-10-05 12:09:41,792 - INFO - Predictions completed for 9564 objects
2025-10-05 12:09:41,792 - INFO - Loading and preparing data with data processing pipeline...
2025-10-05 12:09:41,912 - INFO - Starting data processing pipeline...
2025-10-05 12:09:42,025 - INFO - Data loaded successfully from cumulative_2025.10.04_07.24.46.csv
2025-10-05 12:09:42,025 - INFO - Initial data shape: (9564, 49)
2025-10-05 12:09:42,036 - INFO - Removed leakage columns: ['koi_pdisposition', 'koi_vet_stat', 'koi_vet_date', 'koi_comment', 'koi_disp_prov', 'koi_score', 'kepler_name', 'kepid', 'kepoi_name']
2025-10-05 12:09:42,047 - INFO - Dropped columns with >20.0% missing values: ['koi_teq_err1', 'koi_teq_err2']
2025-10-05 12:09:42,050 - INFO - Applied median imputation to column 'koi_period_err1' (median: 3.5205e-05)
2025-10-05 12:09:42,054 - INFO - Applied median imputation to column 'koi_period_err2' (median: -3.5205e-05)
2025-10-05 12:09:42,055 - INFO - Applied median imputation to column 'koi_time0bk_err1' (median: 0.00413)
2025-10-05 12:09:42,057 - INFO - Applied median imputation to column 'koi_time0bk_err2' (median: -0.00413)
2025-10-05 12:09:42,059 - INFO - Applied median imputation to column 'koi_impact' (median: 0.537)
2025-10-05 12:09:42,062 - INFO - Applied median imputation to column 'koi_impact_err1' (median: 0.193)
2025-10-05 12:09:42,064 - INFO - Applied median imputation to column 'koi_impact_err2' (median: -0.207)
2025-10-05 12:09:42,066 - INFO - Applied median imputation to column 'koi_duration_err1' (median: 0.142)
2025-10-05 12:09:42,068 - INFO - Applied median imputation to column 'koi_duration_err2' (median: -0.142)
2025-10-05 12:09:42,070 - INFO - Applied median imputation to column 'koi_depth' (median: 421.1)
2025-10-05 12:09:42,073 - INFO - Applied median imputation to column 'koi_depth_err1' (median: 20.75)
2025-10-05 12:09:42,075 - INFO - Applied median imputation to column 'koi_depth_err2' (median: -20.75)
2025-10-05 12:09:42,077 - INFO - Applied median imputation to column 'koi_prad' (median: 2.39)
2025-10-05 12:09:42,080 - INFO - Applied median imputation to column 'koi_prad_err1' (median: 0.52)
2025-10-05 12:09:42,081 - INFO - Applied median imputation to column 'koi_prad_err2' (median: -0.3)
2025-10-05 12:09:42,083 - INFO - Applied median imputation to column 'koi_teq' (median: 878.0)
2025-10-05 12:09:42,084 - INFO - Applied median imputation to column 'koi_insol' (median: 141.6)
2025-10-05 12:09:42,087 - INFO - Applied median imputation to column 'koi_insol_err1' (median: 72.83)
2025-10-05 12:09:42,089 - INFO - Applied median imputation to column 'koi_insol_err2' (median: -40.26)
2025-10-05 12:09:42,091 - INFO - Applied median imputation to column 'koi_model_snr' (median: 23.0)
2025-10-05 12:09:42,093 - INFO - Applied median imputation to column 'koi_tce_plnt_num' (median: 1.0)
2025-10-05 12:09:42,098 - INFO - Applied mode imputation to column 'koi_tce_delivname' (mode: q1_q17_dr25_tce)
2025-10-05 12:09:42,101 - INFO - Applied median imputation to column 'koi_steff' (median: 5767.0)
2025-10-05 12:09:42,104 - INFO - Applied median imputation to column 'koi_steff_err1' (median: 157.0)
2025-10-05 12:09:42,106 - INFO - Applied median imputation to column 'koi_steff_err2' (median: -160.0)
2025-10-05 12:09:42,108 - INFO - Applied median imputation to column 'koi_slogg' (median: 4.438)
2025-10-05 12:09:42,110 - INFO - Applied median imputation to column 'koi_slogg_err1' (median: 0.07)
2025-10-05 12:09:42,112 - INFO - Applied median imputation to column 'koi_slogg_err2' (median: -0.128)
2025-10-05 12:09:42,115 - INFO - Applied median imputation to column 'koi_srad' (median: 1.0)
2025-10-05 12:09:42,116 - INFO - Applied median imputation to column 'koi_srad_err1' (median: 0.251)
2025-10-05 12:09:42,118 - INFO - Applied median imputation to column 'koi_srad_err2' (median: -0.111)
2025-10-05 12:09:42,121 - INFO - Applied median imputation to column 'koi_kepmag' (median: 14.52)
2025-10-05 12:09:42,124 - INFO - Missing value handling complete. Remaining missing values: 0
2025-10-05 12:09:42,125 - INFO - Data shape after handling missing values: (9564, 42)
2025-10-05 12:09:42,129 - INFO - Dropped text categorical variables: ['koi_tce_delivname']
2025-10-05 12:09:42,131 - INFO - Kept text columns: ['koi_disposition']
2025-10-05 12:09:42,131 - INFO - Data shape after dropping text columns: (9564, 41)
2025-10-05 12:09:42,135 - INFO - Removed error columns: ['koi_period_err1', 'koi_period_err2', 'koi_time0bk_err1', 'koi_time0bk_err2', 'koi_impact_err1', 'koi_impact_err2', 'koi_duration_err1', 'koi_duration_err2', 'koi_depth_err1', 'koi_depth_err2', 'koi_prad_err1', 'koi_prad_err2', 'koi_insol_err1', 'koi_insol_err2', 'koi_steff_err1', 'koi_steff_err2', 'koi_slogg_err1', 'koi_slogg_err2', 'koi_srad_err1', 'koi_srad_err2']
2025-10-05 12:09:42,136 - INFO - Data shape after removing error columns: (9564, 21)
2025-10-05 12:09:42,137 - INFO - Data processing pipeline completed successfully!
2025-10-05 12:09:42,137 - INFO - Final data shape: (9564, 21)
2025-10-05 12:09:42,143 - INFO - Data loaded successfully!
2025-10-05 12:09:42,143 - INFO - Shape: (9564, 20)
2025-10-05 12:09:42,144 - INFO - Classes: ['CANDIDATE' 'CONFIRMED' 'FALSE POSITIVE']
2025-10-05 12:09:42,147 - INFO - Class distribution: {'FALSE POSITIVE': 4839, 'CONFIRMED': 2746, 'CANDIDATE': 1979}
2025-10-05 12:09:43,337 - INFO - Predictions completed for 9564 objects
